2024-06-03 19:36:37,755 - [31m[1mWARNING: This is a development server. Do not use it in a production deployment. Use a production WSGI server instead.[0m
 * Running on http://127.0.0.1:5000
2024-06-03 19:36:37,756 - [33mPress CTRL+C to quit[0m
2024-06-03 19:36:41,878 - 127.0.0.1 - - [03/Jun/2024 19:36:41] "GET /status HTTP/1.1" 200 -
2024-06-03 19:36:44,727 - 127.0.0.1 - - [03/Jun/2024 19:36:44] "GET /log HTTP/1.1" 200 -
2024-06-03 19:36:50,378 - Request Parameters:
2024-06-03 19:36:50,379 - ======================= INCOMING A-ASSOCIATE-RQ PDU ========================
2024-06-03 19:36:50,380 - Their Implementation Class UID:      1.2.826.0.1.3680043.9.3811.2.0.2
2024-06-03 19:36:50,386 - Their Implementation Version Name:   PYNETDICOM_202
2024-06-03 19:36:50,387 - Application Context Name:    1.2.840.10008.3.1.1.1
2024-06-03 19:36:50,388 - Calling Application Name:    PYNETDICOM
2024-06-03 19:36:50,388 - Called Application Name:     ANY-SCP
2024-06-03 19:36:50,389 - Their Max PDU Receive Size:  16382
2024-06-03 19:36:50,390 - Presentation Contexts:
2024-06-03 19:36:50,390 -   Context ID:        1 (Proposed)
2024-06-03 19:36:50,391 -     Abstract Syntax: =Patient Root Query/Retrieve Information Model - FIND
2024-06-03 19:36:50,391 -     Proposed SCP/SCU Role: Default
2024-06-03 19:36:50,391 -     Proposed Transfer Syntaxes:
2024-06-03 19:36:50,392 -       =Implicit VR Little Endian
2024-06-03 19:36:50,392 -       =Explicit VR Little Endian
2024-06-03 19:36:50,393 -       =Deflated Explicit VR Little Endian
2024-06-03 19:36:50,393 -       =Explicit VR Big Endian
2024-06-03 19:36:50,394 -   Context ID:        3 (Proposed)
2024-06-03 19:36:50,394 -     Abstract Syntax: =Patient Root Query/Retrieve Information Model - MOVE
2024-06-03 19:36:50,395 -     Proposed SCP/SCU Role: Default
2024-06-03 19:36:50,395 -     Proposed Transfer Syntaxes:
2024-06-03 19:36:50,395 -       =Implicit VR Little Endian
2024-06-03 19:36:50,396 -       =Explicit VR Little Endian
2024-06-03 19:36:50,396 -       =Deflated Explicit VR Little Endian
2024-06-03 19:36:50,397 -       =Explicit VR Big Endian
2024-06-03 19:36:50,397 -   Context ID:        5 (Proposed)
2024-06-03 19:36:50,397 -     Abstract Syntax: =Patient Root Query/Retrieve Information Model - GET
2024-06-03 19:36:50,397 -     Proposed SCP/SCU Role: Default
2024-06-03 19:36:50,398 -     Proposed Transfer Syntaxes:
2024-06-03 19:36:50,398 -       =Implicit VR Little Endian
2024-06-03 19:36:50,398 -       =Explicit VR Little Endian
2024-06-03 19:36:50,398 -       =Deflated Explicit VR Little Endian
2024-06-03 19:36:50,399 -       =Explicit VR Big Endian
2024-06-03 19:36:50,399 -   Context ID:        7 (Proposed)
2024-06-03 19:36:50,399 -     Abstract Syntax: =CT Image Storage
2024-06-03 19:36:50,400 -     Proposed SCP/SCU Role: Default
2024-06-03 19:36:50,400 -     Proposed Transfer Syntaxes:
2024-06-03 19:36:50,400 -       =Implicit VR Little Endian
2024-06-03 19:36:50,400 -       =Explicit VR Little Endian
2024-06-03 19:36:50,401 -       =Deflated Explicit VR Little Endian
2024-06-03 19:36:50,401 -       =Explicit VR Big Endian
2024-06-03 19:36:50,401 -   Context ID:        9 (Proposed)
2024-06-03 19:36:50,401 -     Abstract Syntax: =MR Image Storage
2024-06-03 19:36:50,402 -     Proposed SCP/SCU Role: Default
2024-06-03 19:36:50,402 -     Proposed Transfer Syntaxes:
2024-06-03 19:36:50,402 -       =Implicit VR Little Endian
2024-06-03 19:36:50,402 -       =Explicit VR Little Endian
2024-06-03 19:36:50,403 -       =Deflated Explicit VR Little Endian
2024-06-03 19:36:50,403 -       =Explicit VR Big Endian
2024-06-03 19:36:50,403 - Requested Extended Negotiation: None
2024-06-03 19:36:50,404 - Requested Common Extended Negotiation: None
2024-06-03 19:36:50,404 - Requested Asynchronous Operations Window Negotiation: None
2024-06-03 19:36:50,404 - Requested User Identity Negotiation: None
2024-06-03 19:36:50,404 - ========================== END A-ASSOCIATE-RQ PDU ==========================
2024-06-03 19:36:50,405 - Association requested from 127.0.0.1:43194
2024-06-03 19:36:50,406 - Accepting Association
2024-06-03 19:36:50,409 - Accept Parameters:
2024-06-03 19:36:50,410 - ======================= OUTGOING A-ASSOCIATE-AC PDU ========================
2024-06-03 19:36:50,410 - Our Implementation Class UID:      1.2.826.0.1.3680043.9.3811.2.0.2
2024-06-03 19:36:50,411 - Our Implementation Version Name:   PYNETDICOM_202
2024-06-03 19:36:50,411 - Application Context Name:    1.2.840.10008.3.1.1.1
2024-06-03 19:36:50,412 - Responding Application Name: resp. AE Title
2024-06-03 19:36:50,413 - Our Max PDU Receive Size:    16382
2024-06-03 19:36:50,414 - Presentation Contexts:
2024-06-03 19:36:50,415 -   Context ID:        1 (Accepted)
2024-06-03 19:36:50,415 -     Abstract Syntax: =Patient Root Query/Retrieve Information Model - FIND
2024-06-03 19:36:50,416 -     Accepted SCP/SCU Role: Default
2024-06-03 19:36:50,416 -     Accepted Transfer Syntax: =Implicit VR Little Endian
2024-06-03 19:36:50,417 -   Context ID:        3 (Rejected - Abstract Syntax Not Supported)
2024-06-03 19:36:50,418 -     Abstract Syntax: =Patient Root Query/Retrieve Information Model - MOVE
2024-06-03 19:36:50,418 -   Context ID:        5 (Rejected - Abstract Syntax Not Supported)
2024-06-03 19:36:50,418 -     Abstract Syntax: =Patient Root Query/Retrieve Information Model - GET
2024-06-03 19:36:50,419 -   Context ID:        7 (Accepted)
2024-06-03 19:36:50,419 -     Abstract Syntax: =CT Image Storage
2024-06-03 19:36:50,419 -     Accepted SCP/SCU Role: Default
2024-06-03 19:36:50,419 -     Accepted Transfer Syntax: =Implicit VR Little Endian
2024-06-03 19:36:50,420 -   Context ID:        9 (Accepted)
2024-06-03 19:36:50,420 -     Abstract Syntax: =MR Image Storage
2024-06-03 19:36:50,420 -     Accepted SCP/SCU Role: Default
2024-06-03 19:36:50,421 -     Accepted Transfer Syntax: =Implicit VR Little Endian
2024-06-03 19:36:50,421 - Accepted Extended Negotiation: None
2024-06-03 19:36:50,421 - Accepted Asynchronous Operations Window Negotiation: None
2024-06-03 19:36:50,421 - User Identity Negotiation Response: None
2024-06-03 19:36:50,422 - ========================== END A-ASSOCIATE-AC PDU ==========================
2024-06-03 19:36:50,442 - pydicom.read_dataset() TransferSyntax="Little Endian Implicit"
2024-06-03 19:36:50,444 - ========================== INCOMING DIMSE MESSAGE ==========================
2024-06-03 19:36:50,445 - Message Type                  : C-FIND RQ
2024-06-03 19:36:50,445 - Message ID                    : 1
2024-06-03 19:36:50,446 - Affected SOP Class UID        : Patient Root Query/Retrieve Information Model - FIND
2024-06-03 19:36:50,446 - Identifier                    : Present
2024-06-03 19:36:50,447 - Priority                      : Low
2024-06-03 19:36:50,447 - ============================ END DIMSE MESSAGE =============================
2024-06-03 19:36:50,448 - pydicom.read_dataset() TransferSyntax="Little Endian Implicit"
2024-06-03 19:36:50,448 - Find SCP Request Identifier:
2024-06-03 19:36:50,448 - 
2024-06-03 19:36:50,449 - # DICOM Dataset
2024-06-03 19:36:50,449 - (0008,0052) CS [PATIENT]                                # 1 QueryRetrieveLevel
2024-06-03 19:36:50,450 - (0010,0010) PN [*]                                      # 1 PatientName
2024-06-03 19:36:50,450 - 
2024-06-03 19:36:50,450 - pydicom.read_dataset() TransferSyntax="Little Endian Implicit"
2024-06-03 19:36:50,451 - C-FIND request received: (0008, 0052) Query/Retrieve Level                CS: 'PATIENT'
(0010, 0010) Patient's Name                      PN: '*'
2024-06-03 19:36:50,453 - Find SCP Response 1: 0xFF00 (Pending)
2024-06-03 19:36:50,454 - Find SCP Response Identifier:
2024-06-03 19:36:50,454 - 
2024-06-03 19:36:50,455 - # DICOM Dataset
2024-06-03 19:36:50,456 - (0008,0020) DA [20210101]                               # 1 StudyDate
2024-06-03 19:36:50,456 - (0008,0052) CS [STUDY]                                  # 1 QueryRetrieveLevel
2024-06-03 19:36:50,457 - (0010,0010) PN [Doe^John]                               # 1 PatientName
2024-06-03 19:36:50,457 - (0010,0020) LO [12345]                                  # 1 PatientID
2024-06-03 19:36:50,458 - 
2024-06-03 19:36:50,459 - ========================== OUTGOING DIMSE MESSAGE ==========================
2024-06-03 19:36:50,459 - Message Type                  : C-FIND RSP
2024-06-03 19:36:50,460 - Message ID Being Responded To : 1
2024-06-03 19:36:50,460 - Affected SOP Class UID        : Patient Root Query/Retrieve Information Model - FIND
2024-06-03 19:36:50,460 - Identifier                    : Present
2024-06-03 19:36:50,461 - Status                        : 0xFF00
2024-06-03 19:36:50,461 - ============================ END DIMSE MESSAGE =============================
2024-06-03 19:36:50,462 - Find SCP Response 2: 0x0000 (Success)
2024-06-03 19:36:50,462 - ========================== OUTGOING DIMSE MESSAGE ==========================
2024-06-03 19:36:50,463 - Message Type                  : C-FIND RSP
2024-06-03 19:36:50,463 - Message ID Being Responded To : 1
2024-06-03 19:36:50,463 - Affected SOP Class UID        : Patient Root Query/Retrieve Information Model - FIND
2024-06-03 19:36:50,464 - Identifier                    : None
2024-06-03 19:36:50,464 - Status                        : 0x0000
2024-06-03 19:36:50,464 - ============================ END DIMSE MESSAGE =============================
2024-06-03 19:36:50,475 - Association requested from 127.0.0.1:43194
2024-06-03 19:36:50,475 - Association Released
2024-06-03 19:36:50,475 - Association released from 127.0.0.1:43194
2024-06-03 19:36:50,520 - Request Parameters:
2024-06-03 19:36:50,520 - ======================= INCOMING A-ASSOCIATE-RQ PDU ========================
2024-06-03 19:36:50,521 - Their Implementation Class UID:      1.2.826.0.1.3680043.9.3811.2.0.2
2024-06-03 19:36:50,522 - Their Implementation Version Name:   PYNETDICOM_202
2024-06-03 19:36:50,523 - Application Context Name:    1.2.840.10008.3.1.1.1
2024-06-03 19:36:50,524 - Calling Application Name:    PYNETDICOM
2024-06-03 19:36:50,524 - Called Application Name:     ANY-SCP
2024-06-03 19:36:50,525 - Their Max PDU Receive Size:  16382
2024-06-03 19:36:50,526 - Presentation Contexts:
2024-06-03 19:36:50,526 -   Context ID:        1 (Proposed)
2024-06-03 19:36:50,527 -     Abstract Syntax: =Patient Root Query/Retrieve Information Model - FIND
2024-06-03 19:36:50,527 -     Proposed SCP/SCU Role: Default
2024-06-03 19:36:50,527 -     Proposed Transfer Syntaxes:
2024-06-03 19:36:50,528 -       =Implicit VR Little Endian
2024-06-03 19:36:50,528 -       =Explicit VR Little Endian
2024-06-03 19:36:50,528 -       =Deflated Explicit VR Little Endian
2024-06-03 19:36:50,529 -       =Explicit VR Big Endian
2024-06-03 19:36:50,529 -   Context ID:        3 (Proposed)
2024-06-03 19:36:50,529 -     Abstract Syntax: =Patient Root Query/Retrieve Information Model - MOVE
2024-06-03 19:36:50,530 -     Proposed SCP/SCU Role: Default
2024-06-03 19:36:50,530 -     Proposed Transfer Syntaxes:
2024-06-03 19:36:50,530 -       =Implicit VR Little Endian
2024-06-03 19:36:50,531 -       =Explicit VR Little Endian
2024-06-03 19:36:50,531 -       =Deflated Explicit VR Little Endian
2024-06-03 19:36:50,531 -       =Explicit VR Big Endian
2024-06-03 19:36:50,532 -   Context ID:        5 (Proposed)
2024-06-03 19:36:50,532 -     Abstract Syntax: =Patient Root Query/Retrieve Information Model - GET
2024-06-03 19:36:50,532 -     Proposed SCP/SCU Role: Default
2024-06-03 19:36:50,533 -     Proposed Transfer Syntaxes:
2024-06-03 19:36:50,533 -       =Implicit VR Little Endian
2024-06-03 19:36:50,533 -       =Explicit VR Little Endian
2024-06-03 19:36:50,534 -       =Deflated Explicit VR Little Endian
2024-06-03 19:36:50,534 -       =Explicit VR Big Endian
2024-06-03 19:36:50,534 -   Context ID:        7 (Proposed)
2024-06-03 19:36:50,535 -     Abstract Syntax: =CT Image Storage
2024-06-03 19:36:50,535 -     Proposed SCP/SCU Role: Default
2024-06-03 19:36:50,535 -     Proposed Transfer Syntaxes:
2024-06-03 19:36:50,536 -       =Implicit VR Little Endian
2024-06-03 19:36:50,536 -       =Explicit VR Little Endian
2024-06-03 19:36:50,536 -       =Deflated Explicit VR Little Endian
2024-06-03 19:36:50,537 -       =Explicit VR Big Endian
2024-06-03 19:36:50,537 -   Context ID:        9 (Proposed)
2024-06-03 19:36:50,537 -     Abstract Syntax: =MR Image Storage
2024-06-03 19:36:50,537 -     Proposed SCP/SCU Role: Default
2024-06-03 19:36:50,538 -     Proposed Transfer Syntaxes:
2024-06-03 19:36:50,538 -       =Implicit VR Little Endian
2024-06-03 19:36:50,538 -       =Explicit VR Little Endian
2024-06-03 19:36:50,538 -       =Deflated Explicit VR Little Endian
2024-06-03 19:36:50,539 -       =Explicit VR Big Endian
2024-06-03 19:36:50,539 - Requested Extended Negotiation: None
2024-06-03 19:36:50,539 - Requested Common Extended Negotiation: None
2024-06-03 19:36:50,540 - Requested Asynchronous Operations Window Negotiation: None
2024-06-03 19:36:50,540 - Requested User Identity Negotiation: None
2024-06-03 19:36:50,540 - ========================== END A-ASSOCIATE-RQ PDU ==========================
2024-06-03 19:36:50,541 - Association requested from 127.0.0.1:43195
2024-06-03 19:36:50,542 - Accepting Association
2024-06-03 19:36:50,551 - Accept Parameters:
2024-06-03 19:36:50,552 - ======================= OUTGOING A-ASSOCIATE-AC PDU ========================
2024-06-03 19:36:50,552 - Our Implementation Class UID:      1.2.826.0.1.3680043.9.3811.2.0.2
2024-06-03 19:36:50,553 - Our Implementation Version Name:   PYNETDICOM_202
2024-06-03 19:36:50,553 - Application Context Name:    1.2.840.10008.3.1.1.1
2024-06-03 19:36:50,554 - Responding Application Name: resp. AE Title
2024-06-03 19:36:50,554 - Our Max PDU Receive Size:    16382
2024-06-03 19:36:50,555 - Presentation Contexts:
2024-06-03 19:36:50,555 -   Context ID:        1 (Accepted)
2024-06-03 19:36:50,555 -     Abstract Syntax: =Patient Root Query/Retrieve Information Model - FIND
2024-06-03 19:36:50,556 -     Accepted SCP/SCU Role: Default
2024-06-03 19:36:50,556 -     Accepted Transfer Syntax: =Implicit VR Little Endian
2024-06-03 19:36:50,556 -   Context ID:        3 (Rejected - Abstract Syntax Not Supported)
2024-06-03 19:36:50,557 -     Abstract Syntax: =Patient Root Query/Retrieve Information Model - MOVE
2024-06-03 19:36:50,557 -   Context ID:        5 (Rejected - Abstract Syntax Not Supported)
2024-06-03 19:36:50,557 -     Abstract Syntax: =Patient Root Query/Retrieve Information Model - GET
2024-06-03 19:36:50,558 -   Context ID:        7 (Accepted)
2024-06-03 19:36:50,558 -     Abstract Syntax: =CT Image Storage
2024-06-03 19:36:50,559 -     Accepted SCP/SCU Role: Default
2024-06-03 19:36:50,559 -     Accepted Transfer Syntax: =Implicit VR Little Endian
2024-06-03 19:36:50,560 -   Context ID:        9 (Accepted)
2024-06-03 19:36:50,561 -     Abstract Syntax: =MR Image Storage
2024-06-03 19:36:50,561 -     Accepted SCP/SCU Role: Default
2024-06-03 19:36:50,562 -     Accepted Transfer Syntax: =Implicit VR Little Endian
2024-06-03 19:36:50,562 - Accepted Extended Negotiation: None
2024-06-03 19:36:50,562 - Accepted Asynchronous Operations Window Negotiation: None
2024-06-03 19:36:50,563 - User Identity Negotiation Response: None
2024-06-03 19:36:50,563 - ========================== END A-ASSOCIATE-AC PDU ==========================
2024-06-03 19:36:50,590 - pydicom.read_dataset() TransferSyntax="Little Endian Implicit"
2024-06-03 19:36:50,590 - Received Store Request
2024-06-03 19:36:50,591 - ========================== INCOMING DIMSE MESSAGE ==========================
2024-06-03 19:36:50,591 - Message Type                  : C-STORE RQ
2024-06-03 19:36:50,591 - Presentation Context ID       : 7
2024-06-03 19:36:50,592 - Message ID                    : 1
2024-06-03 19:36:50,592 - Affected SOP Class UID        : CT Image Storage
2024-06-03 19:36:50,593 - Affected SOP Instance UID     : 1.2.3.4.5.6.7.8.9
2024-06-03 19:36:50,593 - Data Set                      : Present
2024-06-03 19:36:50,593 - Priority                      : Low
2024-06-03 19:36:50,594 - ============================ END DIMSE MESSAGE =============================
2024-06-03 19:36:50,595 - pydicom.read_dataset() TransferSyntax="Little Endian Implicit"
2024-06-03 19:36:50,595 - C-STORE request received: (0008, 0016) SOP Class UID                       UI: CT Image Storage
(0008, 0018) SOP Instance UID                    UI: 1.2.3.4.5.6.7.8.9
(0008, 0020) Study Date                          DA: '20210101'
(0008, 0060) Modality                            CS: 'CT'
(0010, 0010) Patient's Name                      PN: 'Doe^John'
(0010, 0020) Patient ID                          LO: '12345'
2024-06-03 19:36:50,609 - Association requested from 127.0.0.1:43195
2024-06-03 19:36:50,609 - Association Released
2024-06-03 19:36:50,610 - Association released from 127.0.0.1:43195
2024-06-03 19:36:50,646 - Request Parameters:
2024-06-03 19:36:50,647 - ======================= INCOMING A-ASSOCIATE-RQ PDU ========================
2024-06-03 19:36:50,648 - Their Implementation Class UID:      1.2.826.0.1.3680043.9.3811.2.0.2
2024-06-03 19:36:50,648 - Their Implementation Version Name:   PYNETDICOM_202
2024-06-03 19:36:50,649 - Application Context Name:    1.2.840.10008.3.1.1.1
2024-06-03 19:36:50,649 - Calling Application Name:    PYNETDICOM
2024-06-03 19:36:50,649 - Called Application Name:     ANY-SCP
2024-06-03 19:36:50,650 - Their Max PDU Receive Size:  16382
2024-06-03 19:36:50,650 - Presentation Contexts:
2024-06-03 19:36:50,650 -   Context ID:        1 (Proposed)
2024-06-03 19:36:50,651 -     Abstract Syntax: =Patient Root Query/Retrieve Information Model - FIND
2024-06-03 19:36:50,651 -     Proposed SCP/SCU Role: Default
2024-06-03 19:36:50,651 -     Proposed Transfer Syntaxes:
2024-06-03 19:36:50,652 -       =Implicit VR Little Endian
2024-06-03 19:36:50,652 -       =Explicit VR Little Endian
2024-06-03 19:36:50,653 -       =Deflated Explicit VR Little Endian
2024-06-03 19:36:50,653 -       =Explicit VR Big Endian
2024-06-03 19:36:50,653 -   Context ID:        3 (Proposed)
2024-06-03 19:36:50,654 -     Abstract Syntax: =Patient Root Query/Retrieve Information Model - MOVE
2024-06-03 19:36:50,654 -     Proposed SCP/SCU Role: Default
2024-06-03 19:36:50,654 -     Proposed Transfer Syntaxes:
2024-06-03 19:36:50,655 -       =Implicit VR Little Endian
2024-06-03 19:36:50,655 -       =Explicit VR Little Endian
2024-06-03 19:36:50,655 -       =Deflated Explicit VR Little Endian
2024-06-03 19:36:50,656 -       =Explicit VR Big Endian
2024-06-03 19:36:50,656 -   Context ID:        5 (Proposed)
2024-06-03 19:36:50,656 -     Abstract Syntax: =Patient Root Query/Retrieve Information Model - GET
2024-06-03 19:36:50,657 -     Proposed SCP/SCU Role: Default
2024-06-03 19:36:50,657 -     Proposed Transfer Syntaxes:
2024-06-03 19:36:50,657 -       =Implicit VR Little Endian
2024-06-03 19:36:50,658 -       =Explicit VR Little Endian
2024-06-03 19:36:50,658 -       =Deflated Explicit VR Little Endian
2024-06-03 19:36:50,658 -       =Explicit VR Big Endian
2024-06-03 19:36:50,659 -   Context ID:        7 (Proposed)
2024-06-03 19:36:50,659 -     Abstract Syntax: =CT Image Storage
2024-06-03 19:36:50,659 -     Proposed SCP/SCU Role: Default
2024-06-03 19:36:50,659 -     Proposed Transfer Syntaxes:
2024-06-03 19:36:50,660 -       =Implicit VR Little Endian
2024-06-03 19:36:50,660 -       =Explicit VR Little Endian
2024-06-03 19:36:50,660 -       =Deflated Explicit VR Little Endian
2024-06-03 19:36:50,661 -       =Explicit VR Big Endian
2024-06-03 19:36:50,661 -   Context ID:        9 (Proposed)
2024-06-03 19:36:50,661 -     Abstract Syntax: =MR Image Storage
2024-06-03 19:36:50,663 -     Proposed SCP/SCU Role: Default
2024-06-03 19:36:50,663 -     Proposed Transfer Syntaxes:
2024-06-03 19:36:50,663 -       =Implicit VR Little Endian
2024-06-03 19:36:50,663 -       =Explicit VR Little Endian
2024-06-03 19:36:50,663 -       =Deflated Explicit VR Little Endian
2024-06-03 19:36:50,664 -       =Explicit VR Big Endian
2024-06-03 19:36:50,664 - Requested Extended Negotiation: None
2024-06-03 19:36:50,664 - Requested Common Extended Negotiation: None
2024-06-03 19:36:50,665 - Requested Asynchronous Operations Window Negotiation: None
2024-06-03 19:36:50,665 - Requested User Identity Negotiation: None
2024-06-03 19:36:50,665 - ========================== END A-ASSOCIATE-RQ PDU ==========================
2024-06-03 19:36:50,666 - Association requested from 127.0.0.1:43196
2024-06-03 19:36:50,667 - Accepting Association
2024-06-03 19:36:50,678 - Accept Parameters:
2024-06-03 19:36:50,679 - ======================= OUTGOING A-ASSOCIATE-AC PDU ========================
2024-06-03 19:36:50,680 - Our Implementation Class UID:      1.2.826.0.1.3680043.9.3811.2.0.2
2024-06-03 19:36:50,680 - Our Implementation Version Name:   PYNETDICOM_202
2024-06-03 19:36:50,681 - Application Context Name:    1.2.840.10008.3.1.1.1
2024-06-03 19:36:50,681 - Responding Application Name: resp. AE Title
2024-06-03 19:36:50,682 - Our Max PDU Receive Size:    16382
2024-06-03 19:36:50,682 - Presentation Contexts:
2024-06-03 19:36:50,682 -   Context ID:        1 (Accepted)
2024-06-03 19:36:50,683 -     Abstract Syntax: =Patient Root Query/Retrieve Information Model - FIND
2024-06-03 19:36:50,683 -     Accepted SCP/SCU Role: Default
2024-06-03 19:36:50,683 -     Accepted Transfer Syntax: =Implicit VR Little Endian
2024-06-03 19:36:50,683 -   Context ID:        3 (Rejected - Abstract Syntax Not Supported)
2024-06-03 19:36:50,684 -     Abstract Syntax: =Patient Root Query/Retrieve Information Model - MOVE
2024-06-03 19:36:50,684 -   Context ID:        5 (Rejected - Abstract Syntax Not Supported)
2024-06-03 19:36:50,685 -     Abstract Syntax: =Patient Root Query/Retrieve Information Model - GET
2024-06-03 19:36:50,685 -   Context ID:        7 (Accepted)
2024-06-03 19:36:50,685 -     Abstract Syntax: =CT Image Storage
2024-06-03 19:36:50,685 -     Accepted SCP/SCU Role: Default
2024-06-03 19:36:50,686 -     Accepted Transfer Syntax: =Implicit VR Little Endian
2024-06-03 19:36:50,686 -   Context ID:        9 (Accepted)
2024-06-03 19:36:50,686 -     Abstract Syntax: =MR Image Storage
2024-06-03 19:36:50,687 -     Accepted SCP/SCU Role: Default
2024-06-03 19:36:50,687 -     Accepted Transfer Syntax: =Implicit VR Little Endian
2024-06-03 19:36:50,687 - Accepted Extended Negotiation: None
2024-06-03 19:36:50,687 - Accepted Asynchronous Operations Window Negotiation: None
2024-06-03 19:36:50,688 - User Identity Negotiation Response: None
2024-06-03 19:36:50,688 - ========================== END A-ASSOCIATE-AC PDU ==========================
2024-06-03 19:36:52,589 - 127.0.0.1 - - [03/Jun/2024 19:36:52] "GET /log HTTP/1.1" 200 -
2024-06-03 19:37:50,666 - Network timeout reached
2024-06-03 19:37:50,666 - Aborting Association
2024-06-03 19:37:50,669 - Abort Parameters:
2024-06-03 19:37:50,669 - =========================== OUTGOING A-ABORT PDU ===========================
2024-06-03 19:37:50,669 - Abort Source: DUL service-user
2024-06-03 19:37:50,670 - Abort Reason: (no value available)
2024-06-03 19:37:50,670 - ============================= END A-ABORT PDU ==============================
2024-06-03 19:48:22,221 - INFO - [31m[1mWARNING: This is a development server. Do not use it in a production deployment. Use a production WSGI server instead.[0m
 * Running on http://127.0.0.1:5000
2024-06-03 19:48:22,222 - INFO - [33mPress CTRL+C to quit[0m
2024-06-03 19:48:29,047 - INFO - 127.0.0.1 - - [03/Jun/2024 19:48:29] "GET /status HTTP/1.1" 200 -
2024-06-03 19:48:31,063 - INFO - 127.0.0.1 - - [03/Jun/2024 19:48:31] "GET /status HTTP/1.1" 200 -
2024-06-03 19:48:34,186 - ERROR - Unhandled exception: 404 Not Found: The requested URL was not found on the server. If you entered the URL manually please check your spelling and try again.
2024-06-03 19:48:34,187 - INFO - 127.0.0.1 - - [03/Jun/2024 19:48:34] "[35m[1mGET /log HTTP/1.1[0m" 500 -
2024-06-03 19:49:16,274 - INFO - 127.0.0.1 - - [03/Jun/2024 19:49:16] "GET / HTTP/1.1" 200 -
2024-06-03 19:49:16,619 - ERROR - Unhandled exception: 404 Not Found: The requested URL was not found on the server. If you entered the URL manually please check your spelling and try again.
2024-06-03 19:49:16,620 - INFO - 127.0.0.1 - - [03/Jun/2024 19:49:16] "[35m[1mGET /styles.css HTTP/1.1[0m" 500 -
2024-06-03 19:49:16,620 - ERROR - Unhandled exception: 404 Not Found: The requested URL was not found on the server. If you entered the URL manually please check your spelling and try again.
2024-06-03 19:49:16,621 - INFO - 127.0.0.1 - - [03/Jun/2024 19:49:16] "[35m[1mGET /script.js HTTP/1.1[0m" 500 -
2024-06-03 19:49:20,895 - INFO - 127.0.0.1 - - [03/Jun/2024 19:49:20] "GET /logs HTTP/1.1" 200 -
2024-06-03 19:49:21,235 - ERROR - Unhandled exception: 404 Not Found: The requested URL was not found on the server. If you entered the URL manually please check your spelling and try again.
2024-06-03 19:49:21,235 - ERROR - Unhandled exception: 404 Not Found: The requested URL was not found on the server. If you entered the URL manually please check your spelling and try again.
2024-06-03 19:49:21,236 - INFO - 127.0.0.1 - - [03/Jun/2024 19:49:21] "[35m[1mGET /styles.css HTTP/1.1[0m" 500 -
2024-06-03 19:49:21,236 - INFO - 127.0.0.1 - - [03/Jun/2024 19:49:21] "[35m[1mGET /script.js HTTP/1.1[0m" 500 -
2024-06-03 19:49:25,696 - DEBUG - Request Parameters:
2024-06-03 19:49:25,696 - DEBUG - ======================= INCOMING A-ASSOCIATE-RQ PDU ========================
2024-06-03 19:49:25,697 - DEBUG - Their Implementation Class UID:      1.2.826.0.1.3680043.9.3811.2.0.2
2024-06-03 19:49:25,698 - DEBUG - Their Implementation Version Name:   PYNETDICOM_202
2024-06-03 19:49:25,698 - DEBUG - Application Context Name:    1.2.840.10008.3.1.1.1
2024-06-03 19:49:25,699 - DEBUG - Calling Application Name:    PYNETDICOM
2024-06-03 19:49:25,699 - DEBUG - Called Application Name:     ANY-SCP
2024-06-03 19:49:25,700 - DEBUG - Their Max PDU Receive Size:  16382
2024-06-03 19:49:25,700 - DEBUG - Presentation Contexts:
2024-06-03 19:49:25,700 - DEBUG -   Context ID:        1 (Proposed)
2024-06-03 19:49:25,701 - DEBUG -     Abstract Syntax: =Patient Root Query/Retrieve Information Model - FIND
2024-06-03 19:49:25,701 - DEBUG -     Proposed SCP/SCU Role: Default
2024-06-03 19:49:25,702 - DEBUG -     Proposed Transfer Syntaxes:
2024-06-03 19:49:25,702 - DEBUG -       =Implicit VR Little Endian
2024-06-03 19:49:25,703 - DEBUG -       =Explicit VR Little Endian
2024-06-03 19:49:25,703 - DEBUG -       =Deflated Explicit VR Little Endian
2024-06-03 19:49:25,704 - DEBUG -       =Explicit VR Big Endian
2024-06-03 19:49:25,704 - DEBUG -   Context ID:        3 (Proposed)
2024-06-03 19:49:25,705 - DEBUG -     Abstract Syntax: =Patient Root Query/Retrieve Information Model - MOVE
2024-06-03 19:49:25,705 - DEBUG -     Proposed SCP/SCU Role: Default
2024-06-03 19:49:25,706 - DEBUG -     Proposed Transfer Syntaxes:
2024-06-03 19:49:25,706 - DEBUG -       =Implicit VR Little Endian
2024-06-03 19:49:25,707 - DEBUG -       =Explicit VR Little Endian
2024-06-03 19:49:25,707 - DEBUG -       =Deflated Explicit VR Little Endian
2024-06-03 19:49:25,708 - DEBUG -       =Explicit VR Big Endian
2024-06-03 19:49:25,708 - DEBUG -   Context ID:        5 (Proposed)
2024-06-03 19:49:25,708 - DEBUG -     Abstract Syntax: =Patient Root Query/Retrieve Information Model - GET
2024-06-03 19:49:25,709 - DEBUG -     Proposed SCP/SCU Role: Default
2024-06-03 19:49:25,709 - DEBUG -     Proposed Transfer Syntaxes:
2024-06-03 19:49:25,710 - DEBUG -       =Implicit VR Little Endian
2024-06-03 19:49:25,710 - DEBUG -       =Explicit VR Little Endian
2024-06-03 19:49:25,711 - DEBUG -       =Deflated Explicit VR Little Endian
2024-06-03 19:49:25,711 - DEBUG -       =Explicit VR Big Endian
2024-06-03 19:49:25,712 - DEBUG -   Context ID:        7 (Proposed)
2024-06-03 19:49:25,712 - DEBUG -     Abstract Syntax: =CT Image Storage
2024-06-03 19:49:25,712 - DEBUG -     Proposed SCP/SCU Role: Default
2024-06-03 19:49:25,713 - DEBUG -     Proposed Transfer Syntaxes:
2024-06-03 19:49:25,713 - DEBUG -       =Implicit VR Little Endian
2024-06-03 19:49:25,714 - DEBUG -       =Explicit VR Little Endian
2024-06-03 19:49:25,714 - DEBUG -       =Deflated Explicit VR Little Endian
2024-06-03 19:49:25,714 - DEBUG -       =Explicit VR Big Endian
2024-06-03 19:49:25,715 - DEBUG -   Context ID:        9 (Proposed)
2024-06-03 19:49:25,715 - DEBUG -     Abstract Syntax: =MR Image Storage
2024-06-03 19:49:25,715 - DEBUG -     Proposed SCP/SCU Role: Default
2024-06-03 19:49:25,715 - DEBUG -     Proposed Transfer Syntaxes:
2024-06-03 19:49:25,715 - DEBUG -       =Implicit VR Little Endian
2024-06-03 19:49:25,717 - DEBUG -       =Explicit VR Little Endian
2024-06-03 19:49:25,717 - DEBUG -       =Deflated Explicit VR Little Endian
2024-06-03 19:49:25,717 - DEBUG -       =Explicit VR Big Endian
2024-06-03 19:49:25,718 - DEBUG - Requested Extended Negotiation: None
2024-06-03 19:49:25,718 - DEBUG - Requested Common Extended Negotiation: None
2024-06-03 19:49:25,718 - DEBUG - Requested Asynchronous Operations Window Negotiation: None
2024-06-03 19:49:25,718 - DEBUG - Requested User Identity Negotiation: None
2024-06-03 19:49:25,719 - DEBUG - ========================== END A-ASSOCIATE-RQ PDU ==========================
2024-06-03 19:49:25,719 - INFO - Association requested from 127.0.0.1:43437
2024-06-03 19:49:25,720 - INFO - Accepting Association
2024-06-03 19:49:25,727 - DEBUG - Accept Parameters:
2024-06-03 19:49:25,728 - DEBUG - ======================= OUTGOING A-ASSOCIATE-AC PDU ========================
2024-06-03 19:49:25,728 - DEBUG - Our Implementation Class UID:      1.2.826.0.1.3680043.9.3811.2.0.2
2024-06-03 19:49:25,729 - DEBUG - Our Implementation Version Name:   PYNETDICOM_202
2024-06-03 19:49:25,730 - DEBUG - Application Context Name:    1.2.840.10008.3.1.1.1
2024-06-03 19:49:25,730 - DEBUG - Responding Application Name: resp. AE Title
2024-06-03 19:49:25,731 - DEBUG - Our Max PDU Receive Size:    16382
2024-06-03 19:49:25,731 - DEBUG - Presentation Contexts:
2024-06-03 19:49:25,731 - DEBUG -   Context ID:        1 (Accepted)
2024-06-03 19:49:25,732 - DEBUG -     Abstract Syntax: =Patient Root Query/Retrieve Information Model - FIND
2024-06-03 19:49:25,732 - DEBUG -     Accepted SCP/SCU Role: Default
2024-06-03 19:49:25,732 - DEBUG -     Accepted Transfer Syntax: =Implicit VR Little Endian
2024-06-03 19:49:25,732 - DEBUG -   Context ID:        3 (Rejected - Abstract Syntax Not Supported)
2024-06-03 19:49:25,733 - DEBUG -     Abstract Syntax: =Patient Root Query/Retrieve Information Model - MOVE
2024-06-03 19:49:25,733 - DEBUG -   Context ID:        5 (Rejected - Abstract Syntax Not Supported)
2024-06-03 19:49:25,734 - DEBUG -     Abstract Syntax: =Patient Root Query/Retrieve Information Model - GET
2024-06-03 19:49:25,735 - DEBUG -   Context ID:        7 (Accepted)
2024-06-03 19:49:25,735 - DEBUG -     Abstract Syntax: =CT Image Storage
2024-06-03 19:49:25,735 - DEBUG -     Accepted SCP/SCU Role: Default
2024-06-03 19:49:25,736 - DEBUG -     Accepted Transfer Syntax: =Implicit VR Little Endian
2024-06-03 19:49:25,736 - DEBUG -   Context ID:        9 (Accepted)
2024-06-03 19:49:25,736 - DEBUG -     Abstract Syntax: =MR Image Storage
2024-06-03 19:49:25,736 - DEBUG -     Accepted SCP/SCU Role: Default
2024-06-03 19:49:25,737 - DEBUG -     Accepted Transfer Syntax: =Implicit VR Little Endian
2024-06-03 19:49:25,737 - DEBUG - Accepted Extended Negotiation: None
2024-06-03 19:49:25,737 - DEBUG - Accepted Asynchronous Operations Window Negotiation: None
2024-06-03 19:49:25,738 - DEBUG - User Identity Negotiation Response: None
2024-06-03 19:49:25,738 - DEBUG - ========================== END A-ASSOCIATE-AC PDU ==========================
2024-06-03 19:49:25,759 - DEBUG - pydicom.read_dataset() TransferSyntax="Little Endian Implicit"
2024-06-03 19:49:25,760 - DEBUG - ========================== INCOMING DIMSE MESSAGE ==========================
2024-06-03 19:49:25,761 - DEBUG - Message Type                  : C-FIND RQ
2024-06-03 19:49:25,762 - DEBUG - Message ID                    : 1
2024-06-03 19:49:25,762 - DEBUG - Affected SOP Class UID        : Patient Root Query/Retrieve Information Model - FIND
2024-06-03 19:49:25,763 - DEBUG - Identifier                    : Present
2024-06-03 19:49:25,763 - DEBUG - Priority                      : Low
2024-06-03 19:49:25,764 - DEBUG - ============================ END DIMSE MESSAGE =============================
2024-06-03 19:49:25,765 - DEBUG - pydicom.read_dataset() TransferSyntax="Little Endian Implicit"
2024-06-03 19:49:25,765 - INFO - Find SCP Request Identifier:
2024-06-03 19:49:25,766 - INFO - 
2024-06-03 19:49:25,766 - INFO - # DICOM Dataset
2024-06-03 19:49:25,766 - INFO - (0008,0052) CS [PATIENT]                                # 1 QueryRetrieveLevel
2024-06-03 19:49:25,767 - INFO - (0010,0010) PN [*]                                      # 1 PatientName
2024-06-03 19:49:25,767 - INFO - 
2024-06-03 19:49:25,767 - DEBUG - pydicom.read_dataset() TransferSyntax="Little Endian Implicit"
2024-06-03 19:49:25,768 - INFO - C-FIND request received: (0008, 0052) Query/Retrieve Level                CS: 'PATIENT'
(0010, 0010) Patient's Name                      PN: '*'
2024-06-03 19:49:25,769 - INFO - Find SCP Response 1: 0xFF00 (Pending)
2024-06-03 19:49:25,770 - DEBUG - Find SCP Response Identifier:
2024-06-03 19:49:25,770 - DEBUG - 
2024-06-03 19:49:25,770 - DEBUG - # DICOM Dataset
2024-06-03 19:49:25,771 - DEBUG - (0008,0020) DA [20210101]                               # 1 StudyDate
2024-06-03 19:49:25,771 - DEBUG - (0008,0052) CS [STUDY]                                  # 1 QueryRetrieveLevel
2024-06-03 19:49:25,771 - DEBUG - (0010,0010) PN [Doe^John]                               # 1 PatientName
2024-06-03 19:49:25,771 - DEBUG - (0010,0020) LO [12345]                                  # 1 PatientID
2024-06-03 19:49:25,772 - DEBUG - 
2024-06-03 19:49:25,773 - DEBUG - ========================== OUTGOING DIMSE MESSAGE ==========================
2024-06-03 19:49:25,773 - DEBUG - Message Type                  : C-FIND RSP
2024-06-03 19:49:25,774 - DEBUG - Message ID Being Responded To : 1
2024-06-03 19:49:25,774 - DEBUG - Affected SOP Class UID        : Patient Root Query/Retrieve Information Model - FIND
2024-06-03 19:49:25,775 - DEBUG - Identifier                    : Present
2024-06-03 19:49:25,775 - DEBUG - Status                        : 0xFF00
2024-06-03 19:49:25,775 - DEBUG - ============================ END DIMSE MESSAGE =============================
2024-06-03 19:49:25,776 - INFO - Find SCP Response 2: 0x0000 (Success)
2024-06-03 19:49:25,777 - DEBUG - ========================== OUTGOING DIMSE MESSAGE ==========================
2024-06-03 19:49:25,777 - DEBUG - Message Type                  : C-FIND RSP
2024-06-03 19:49:25,777 - DEBUG - Message ID Being Responded To : 1
2024-06-03 19:49:25,778 - DEBUG - Affected SOP Class UID        : Patient Root Query/Retrieve Information Model - FIND
2024-06-03 19:49:25,778 - DEBUG - Identifier                    : None
2024-06-03 19:49:25,778 - DEBUG - Status                        : 0x0000
2024-06-03 19:49:25,779 - DEBUG - ============================ END DIMSE MESSAGE =============================
2024-06-03 19:49:25,791 - INFO - Association requested from 127.0.0.1:43437
2024-06-03 19:49:25,792 - INFO - Association Released
2024-06-03 19:49:25,792 - INFO - Association released from 127.0.0.1:43437
2024-06-03 19:49:25,852 - DEBUG - Request Parameters:
2024-06-03 19:49:25,853 - DEBUG - ======================= INCOMING A-ASSOCIATE-RQ PDU ========================
2024-06-03 19:49:25,853 - DEBUG - Their Implementation Class UID:      1.2.826.0.1.3680043.9.3811.2.0.2
2024-06-03 19:49:25,853 - DEBUG - Their Implementation Version Name:   PYNETDICOM_202
2024-06-03 19:49:25,854 - DEBUG - Application Context Name:    1.2.840.10008.3.1.1.1
2024-06-03 19:49:25,854 - DEBUG - Calling Application Name:    PYNETDICOM
2024-06-03 19:49:25,855 - DEBUG - Called Application Name:     ANY-SCP
2024-06-03 19:49:25,855 - DEBUG - Their Max PDU Receive Size:  16382
2024-06-03 19:49:25,856 - DEBUG - Presentation Contexts:
2024-06-03 19:49:25,856 - DEBUG -   Context ID:        1 (Proposed)
2024-06-03 19:49:25,856 - DEBUG -     Abstract Syntax: =Patient Root Query/Retrieve Information Model - FIND
2024-06-03 19:49:25,857 - DEBUG -     Proposed SCP/SCU Role: Default
2024-06-03 19:49:25,857 - DEBUG -     Proposed Transfer Syntaxes:
2024-06-03 19:49:25,857 - DEBUG -       =Implicit VR Little Endian
2024-06-03 19:49:25,858 - DEBUG -       =Explicit VR Little Endian
2024-06-03 19:49:25,858 - DEBUG -       =Deflated Explicit VR Little Endian
2024-06-03 19:49:25,859 - DEBUG -       =Explicit VR Big Endian
2024-06-03 19:49:25,859 - DEBUG -   Context ID:        3 (Proposed)
2024-06-03 19:49:25,860 - DEBUG -     Abstract Syntax: =Patient Root Query/Retrieve Information Model - MOVE
2024-06-03 19:49:25,860 - DEBUG -     Proposed SCP/SCU Role: Default
2024-06-03 19:49:25,860 - DEBUG -     Proposed Transfer Syntaxes:
2024-06-03 19:49:25,861 - DEBUG -       =Implicit VR Little Endian
2024-06-03 19:49:25,861 - DEBUG -       =Explicit VR Little Endian
2024-06-03 19:49:25,861 - DEBUG -       =Deflated Explicit VR Little Endian
2024-06-03 19:49:25,861 - DEBUG -       =Explicit VR Big Endian
2024-06-03 19:49:25,862 - DEBUG -   Context ID:        5 (Proposed)
2024-06-03 19:49:25,862 - DEBUG -     Abstract Syntax: =Patient Root Query/Retrieve Information Model - GET
2024-06-03 19:49:25,862 - DEBUG -     Proposed SCP/SCU Role: Default
2024-06-03 19:49:25,863 - DEBUG -     Proposed Transfer Syntaxes:
2024-06-03 19:49:25,863 - DEBUG -       =Implicit VR Little Endian
2024-06-03 19:49:25,863 - DEBUG -       =Explicit VR Little Endian
2024-06-03 19:49:25,863 - DEBUG -       =Deflated Explicit VR Little Endian
2024-06-03 19:49:25,864 - DEBUG -       =Explicit VR Big Endian
2024-06-03 19:49:25,864 - DEBUG -   Context ID:        7 (Proposed)
2024-06-03 19:49:25,864 - DEBUG -     Abstract Syntax: =CT Image Storage
2024-06-03 19:49:25,865 - DEBUG -     Proposed SCP/SCU Role: Default
2024-06-03 19:49:25,865 - DEBUG -     Proposed Transfer Syntaxes:
2024-06-03 19:49:25,865 - DEBUG -       =Implicit VR Little Endian
2024-06-03 19:49:25,865 - DEBUG -       =Explicit VR Little Endian
2024-06-03 19:49:25,866 - DEBUG -       =Deflated Explicit VR Little Endian
2024-06-03 19:49:25,866 - DEBUG -       =Explicit VR Big Endian
2024-06-03 19:49:25,866 - DEBUG -   Context ID:        9 (Proposed)
2024-06-03 19:49:25,867 - DEBUG -     Abstract Syntax: =MR Image Storage
2024-06-03 19:49:25,867 - DEBUG -     Proposed SCP/SCU Role: Default
2024-06-03 19:49:25,867 - DEBUG -     Proposed Transfer Syntaxes:
2024-06-03 19:49:25,867 - DEBUG -       =Implicit VR Little Endian
2024-06-03 19:49:25,868 - DEBUG -       =Explicit VR Little Endian
2024-06-03 19:49:25,868 - DEBUG -       =Deflated Explicit VR Little Endian
2024-06-03 19:49:25,868 - DEBUG -       =Explicit VR Big Endian
2024-06-03 19:49:25,869 - DEBUG - Requested Extended Negotiation: None
2024-06-03 19:49:25,869 - DEBUG - Requested Common Extended Negotiation: None
2024-06-03 19:49:25,869 - DEBUG - Requested Asynchronous Operations Window Negotiation: None
2024-06-03 19:49:25,869 - DEBUG - Requested User Identity Negotiation: None
2024-06-03 19:49:25,870 - DEBUG - ========================== END A-ASSOCIATE-RQ PDU ==========================
2024-06-03 19:49:25,871 - INFO - Association requested from 127.0.0.1:43438
2024-06-03 19:49:25,871 - INFO - Accepting Association
2024-06-03 19:49:25,882 - DEBUG - Accept Parameters:
2024-06-03 19:49:25,882 - DEBUG - ======================= OUTGOING A-ASSOCIATE-AC PDU ========================
2024-06-03 19:49:25,883 - DEBUG - Our Implementation Class UID:      1.2.826.0.1.3680043.9.3811.2.0.2
2024-06-03 19:49:25,883 - DEBUG - Our Implementation Version Name:   PYNETDICOM_202
2024-06-03 19:49:25,884 - DEBUG - Application Context Name:    1.2.840.10008.3.1.1.1
2024-06-03 19:49:25,884 - DEBUG - Responding Application Name: resp. AE Title
2024-06-03 19:49:25,884 - DEBUG - Our Max PDU Receive Size:    16382
2024-06-03 19:49:25,885 - DEBUG - Presentation Contexts:
2024-06-03 19:49:25,885 - DEBUG -   Context ID:        1 (Accepted)
2024-06-03 19:49:25,886 - DEBUG -     Abstract Syntax: =Patient Root Query/Retrieve Information Model - FIND
2024-06-03 19:49:25,886 - DEBUG -     Accepted SCP/SCU Role: Default
2024-06-03 19:49:25,886 - DEBUG -     Accepted Transfer Syntax: =Implicit VR Little Endian
2024-06-03 19:49:25,887 - DEBUG -   Context ID:        3 (Rejected - Abstract Syntax Not Supported)
2024-06-03 19:49:25,887 - DEBUG -     Abstract Syntax: =Patient Root Query/Retrieve Information Model - MOVE
2024-06-03 19:49:25,887 - DEBUG -   Context ID:        5 (Rejected - Abstract Syntax Not Supported)
2024-06-03 19:49:25,888 - DEBUG -     Abstract Syntax: =Patient Root Query/Retrieve Information Model - GET
2024-06-03 19:49:25,888 - DEBUG -   Context ID:        7 (Accepted)
2024-06-03 19:49:25,888 - DEBUG -     Abstract Syntax: =CT Image Storage
2024-06-03 19:49:25,889 - DEBUG -     Accepted SCP/SCU Role: Default
2024-06-03 19:49:25,889 - DEBUG -     Accepted Transfer Syntax: =Implicit VR Little Endian
2024-06-03 19:49:25,889 - DEBUG -   Context ID:        9 (Accepted)
2024-06-03 19:49:25,890 - DEBUG -     Abstract Syntax: =MR Image Storage
2024-06-03 19:49:25,890 - DEBUG -     Accepted SCP/SCU Role: Default
2024-06-03 19:49:25,890 - DEBUG -     Accepted Transfer Syntax: =Implicit VR Little Endian
2024-06-03 19:49:25,890 - DEBUG - Accepted Extended Negotiation: None
2024-06-03 19:49:25,891 - DEBUG - Accepted Asynchronous Operations Window Negotiation: None
2024-06-03 19:49:25,891 - DEBUG - User Identity Negotiation Response: None
2024-06-03 19:49:25,892 - DEBUG - ========================== END A-ASSOCIATE-AC PDU ==========================
2024-06-03 19:49:25,914 - DEBUG - pydicom.read_dataset() TransferSyntax="Little Endian Implicit"
2024-06-03 19:49:25,914 - INFO - Received Store Request
2024-06-03 19:49:25,915 - DEBUG - ========================== INCOMING DIMSE MESSAGE ==========================
2024-06-03 19:49:25,916 - DEBUG - Message Type                  : C-STORE RQ
2024-06-03 19:49:25,916 - DEBUG - Presentation Context ID       : 7
2024-06-03 19:49:25,917 - DEBUG - Message ID                    : 1
2024-06-03 19:49:25,917 - DEBUG - Affected SOP Class UID        : CT Image Storage
2024-06-03 19:49:25,917 - DEBUG - Affected SOP Instance UID     : 1.2.3.4.5.6.7.8.9
2024-06-03 19:49:25,918 - DEBUG - Data Set                      : Present
2024-06-03 19:49:25,918 - DEBUG - Priority                      : Low
2024-06-03 19:49:25,919 - DEBUG - ============================ END DIMSE MESSAGE =============================
2024-06-03 19:49:25,921 - DEBUG - pydicom.read_dataset() TransferSyntax="Little Endian Implicit"
2024-06-03 19:49:25,922 - INFO - C-STORE request received: (0008, 0016) SOP Class UID                       UI: CT Image Storage
(0008, 0018) SOP Instance UID                    UI: 1.2.3.4.5.6.7.8.9
(0008, 0020) Study Date                          DA: '20210101'
(0008, 0060) Modality                            CS: 'CT'
(0010, 0010) Patient's Name                      PN: 'Doe^John'
(0010, 0020) Patient ID                          LO: '12345'
2024-06-03 19:49:25,935 - INFO - Association requested from 127.0.0.1:43438
2024-06-03 19:49:25,935 - INFO - Association Released
2024-06-03 19:49:25,936 - INFO - Association released from 127.0.0.1:43438
2024-06-03 19:49:25,977 - DEBUG - Request Parameters:
2024-06-03 19:49:25,978 - DEBUG - ======================= INCOMING A-ASSOCIATE-RQ PDU ========================
2024-06-03 19:49:25,979 - DEBUG - Their Implementation Class UID:      1.2.826.0.1.3680043.9.3811.2.0.2
2024-06-03 19:49:25,979 - DEBUG - Their Implementation Version Name:   PYNETDICOM_202
2024-06-03 19:49:25,979 - DEBUG - Application Context Name:    1.2.840.10008.3.1.1.1
2024-06-03 19:49:25,980 - DEBUG - Calling Application Name:    PYNETDICOM
2024-06-03 19:49:25,980 - DEBUG - Called Application Name:     ANY-SCP
2024-06-03 19:49:25,981 - DEBUG - Their Max PDU Receive Size:  16382
2024-06-03 19:49:25,981 - DEBUG - Presentation Contexts:
2024-06-03 19:49:25,981 - DEBUG -   Context ID:        1 (Proposed)
2024-06-03 19:49:25,982 - DEBUG -     Abstract Syntax: =Patient Root Query/Retrieve Information Model - FIND
2024-06-03 19:49:25,982 - DEBUG -     Proposed SCP/SCU Role: Default
2024-06-03 19:49:25,982 - DEBUG -     Proposed Transfer Syntaxes:
2024-06-03 19:49:25,983 - DEBUG -       =Implicit VR Little Endian
2024-06-03 19:49:25,983 - DEBUG -       =Explicit VR Little Endian
2024-06-03 19:49:25,983 - DEBUG -       =Deflated Explicit VR Little Endian
2024-06-03 19:49:25,983 - DEBUG -       =Explicit VR Big Endian
2024-06-03 19:49:25,984 - DEBUG -   Context ID:        3 (Proposed)
2024-06-03 19:49:25,984 - DEBUG -     Abstract Syntax: =Patient Root Query/Retrieve Information Model - MOVE
2024-06-03 19:49:25,984 - DEBUG -     Proposed SCP/SCU Role: Default
2024-06-03 19:49:25,985 - DEBUG -     Proposed Transfer Syntaxes:
2024-06-03 19:49:25,985 - DEBUG -       =Implicit VR Little Endian
2024-06-03 19:49:25,985 - DEBUG -       =Explicit VR Little Endian
2024-06-03 19:49:25,986 - DEBUG -       =Deflated Explicit VR Little Endian
2024-06-03 19:49:25,986 - DEBUG -       =Explicit VR Big Endian
2024-06-03 19:49:25,986 - DEBUG -   Context ID:        5 (Proposed)
2024-06-03 19:49:25,986 - DEBUG -     Abstract Syntax: =Patient Root Query/Retrieve Information Model - GET
2024-06-03 19:49:25,987 - DEBUG -     Proposed SCP/SCU Role: Default
2024-06-03 19:49:25,987 - DEBUG -     Proposed Transfer Syntaxes:
2024-06-03 19:49:25,987 - DEBUG -       =Implicit VR Little Endian
2024-06-03 19:49:25,988 - DEBUG -       =Explicit VR Little Endian
2024-06-03 19:49:25,988 - DEBUG -       =Deflated Explicit VR Little Endian
2024-06-03 19:49:25,988 - DEBUG -       =Explicit VR Big Endian
2024-06-03 19:49:25,988 - DEBUG -   Context ID:        7 (Proposed)
2024-06-03 19:49:25,989 - DEBUG -     Abstract Syntax: =CT Image Storage
2024-06-03 19:49:25,989 - DEBUG -     Proposed SCP/SCU Role: Default
2024-06-03 19:49:25,989 - DEBUG -     Proposed Transfer Syntaxes:
2024-06-03 19:49:25,990 - DEBUG -       =Implicit VR Little Endian
2024-06-03 19:49:25,990 - DEBUG -       =Explicit VR Little Endian
2024-06-03 19:49:25,990 - DEBUG -       =Deflated Explicit VR Little Endian
2024-06-03 19:49:25,990 - DEBUG -       =Explicit VR Big Endian
2024-06-03 19:49:25,991 - DEBUG -   Context ID:        9 (Proposed)
2024-06-03 19:49:25,991 - DEBUG -     Abstract Syntax: =MR Image Storage
2024-06-03 19:49:25,991 - DEBUG -     Proposed SCP/SCU Role: Default
2024-06-03 19:49:25,991 - DEBUG -     Proposed Transfer Syntaxes:
2024-06-03 19:49:25,992 - DEBUG -       =Implicit VR Little Endian
2024-06-03 19:49:25,992 - DEBUG -       =Explicit VR Little Endian
2024-06-03 19:49:25,992 - DEBUG -       =Deflated Explicit VR Little Endian
2024-06-03 19:49:25,993 - DEBUG -       =Explicit VR Big Endian
2024-06-03 19:49:25,993 - DEBUG - Requested Extended Negotiation: None
2024-06-03 19:49:25,993 - DEBUG - Requested Common Extended Negotiation: None
2024-06-03 19:49:25,993 - DEBUG - Requested Asynchronous Operations Window Negotiation: None
2024-06-03 19:49:25,994 - DEBUG - Requested User Identity Negotiation: None
2024-06-03 19:49:25,994 - DEBUG - ========================== END A-ASSOCIATE-RQ PDU ==========================
2024-06-03 19:49:25,995 - INFO - Association requested from 127.0.0.1:43439
2024-06-03 19:49:25,995 - INFO - Accepting Association
2024-06-03 19:49:26,008 - DEBUG - Accept Parameters:
2024-06-03 19:49:26,009 - DEBUG - ======================= OUTGOING A-ASSOCIATE-AC PDU ========================
2024-06-03 19:49:26,010 - DEBUG - Our Implementation Class UID:      1.2.826.0.1.3680043.9.3811.2.0.2
2024-06-03 19:49:26,010 - DEBUG - Our Implementation Version Name:   PYNETDICOM_202
2024-06-03 19:49:26,011 - DEBUG - Application Context Name:    1.2.840.10008.3.1.1.1
2024-06-03 19:49:26,011 - DEBUG - Responding Application Name: resp. AE Title
2024-06-03 19:49:26,011 - DEBUG - Our Max PDU Receive Size:    16382
2024-06-03 19:49:26,012 - DEBUG - Presentation Contexts:
2024-06-03 19:49:26,012 - DEBUG -   Context ID:        1 (Accepted)
2024-06-03 19:49:26,012 - DEBUG -     Abstract Syntax: =Patient Root Query/Retrieve Information Model - FIND
2024-06-03 19:49:26,013 - DEBUG -     Accepted SCP/SCU Role: Default
2024-06-03 19:49:26,013 - DEBUG -     Accepted Transfer Syntax: =Implicit VR Little Endian
2024-06-03 19:49:26,013 - DEBUG -   Context ID:        3 (Rejected - Abstract Syntax Not Supported)
2024-06-03 19:49:26,014 - DEBUG -     Abstract Syntax: =Patient Root Query/Retrieve Information Model - MOVE
2024-06-03 19:49:26,014 - DEBUG -   Context ID:        5 (Rejected - Abstract Syntax Not Supported)
2024-06-03 19:49:26,014 - DEBUG -     Abstract Syntax: =Patient Root Query/Retrieve Information Model - GET
2024-06-03 19:49:26,015 - DEBUG -   Context ID:        7 (Accepted)
2024-06-03 19:49:26,015 - DEBUG -     Abstract Syntax: =CT Image Storage
2024-06-03 19:49:26,015 - DEBUG -     Accepted SCP/SCU Role: Default
2024-06-03 19:49:26,015 - DEBUG -     Accepted Transfer Syntax: =Implicit VR Little Endian
2024-06-03 19:49:26,016 - DEBUG -   Context ID:        9 (Accepted)
2024-06-03 19:49:26,016 - DEBUG -     Abstract Syntax: =MR Image Storage
2024-06-03 19:49:26,016 - DEBUG -     Accepted SCP/SCU Role: Default
2024-06-03 19:49:26,017 - DEBUG -     Accepted Transfer Syntax: =Implicit VR Little Endian
2024-06-03 19:49:26,017 - DEBUG - Accepted Extended Negotiation: None
2024-06-03 19:49:26,017 - DEBUG - Accepted Asynchronous Operations Window Negotiation: None
2024-06-03 19:49:26,017 - DEBUG - User Identity Negotiation Response: None
2024-06-03 19:49:26,018 - DEBUG - ========================== END A-ASSOCIATE-AC PDU ==========================
2024-06-03 19:49:28,061 - INFO - 127.0.0.1 - - [03/Jun/2024 19:49:28] "[36mGET /logs HTTP/1.1[0m" 304 -
2024-06-03 19:49:28,392 - ERROR - Unhandled exception: 404 Not Found: The requested URL was not found on the server. If you entered the URL manually please check your spelling and try again.
2024-06-03 19:49:28,393 - INFO - 127.0.0.1 - - [03/Jun/2024 19:49:28] "[35m[1mGET /styles.css HTTP/1.1[0m" 500 -
2024-06-03 19:49:28,394 - ERROR - Unhandled exception: 404 Not Found: The requested URL was not found on the server. If you entered the URL manually please check your spelling and try again.
2024-06-03 19:49:28,394 - INFO - 127.0.0.1 - - [03/Jun/2024 19:49:28] "[35m[1mGET /script.js HTTP/1.1[0m" 500 -
2024-06-03 19:49:29,685 - INFO - 127.0.0.1 - - [03/Jun/2024 19:49:29] "[36mGET /logs HTTP/1.1[0m" 304 -
2024-06-03 19:49:30,010 - ERROR - Unhandled exception: 404 Not Found: The requested URL was not found on the server. If you entered the URL manually please check your spelling and try again.
2024-06-03 19:49:30,011 - INFO - 127.0.0.1 - - [03/Jun/2024 19:49:30] "[35m[1mGET /styles.css HTTP/1.1[0m" 500 -
2024-06-03 19:49:30,013 - ERROR - Unhandled exception: 404 Not Found: The requested URL was not found on the server. If you entered the URL manually please check your spelling and try again.
2024-06-03 19:49:30,014 - INFO - 127.0.0.1 - - [03/Jun/2024 19:49:30] "[35m[1mGET /script.js HTTP/1.1[0m" 500 -
2024-06-03 19:49:31,196 - INFO - 127.0.0.1 - - [03/Jun/2024 19:49:31] "[36mGET /logs HTTP/1.1[0m" 304 -
2024-06-03 19:49:31,521 - ERROR - Unhandled exception: 404 Not Found: The requested URL was not found on the server. If you entered the URL manually please check your spelling and try again.
2024-06-03 19:49:31,523 - ERROR - Unhandled exception: 404 Not Found: The requested URL was not found on the server. If you entered the URL manually please check your spelling and try again.
2024-06-03 19:49:31,524 - INFO - 127.0.0.1 - - [03/Jun/2024 19:49:31] "[35m[1mGET /styles.css HTTP/1.1[0m" 500 -
2024-06-03 19:49:31,525 - INFO - 127.0.0.1 - - [03/Jun/2024 19:49:31] "[35m[1mGET /script.js HTTP/1.1[0m" 500 -
2024-06-03 19:50:25,996 - ERROR - Network timeout reached
2024-06-03 19:50:25,996 - INFO - Aborting Association
2024-06-03 19:50:25,998 - DEBUG - Abort Parameters:
2024-06-03 19:50:25,998 - DEBUG - =========================== OUTGOING A-ABORT PDU ===========================
2024-06-03 19:50:25,999 - DEBUG - Abort Source: DUL service-user
2024-06-03 19:50:25,999 - DEBUG - Abort Reason: (no value available)
2024-06-03 19:50:26,000 - DEBUG - ============================= END A-ABORT PDU ==============================
2024-06-03 19:51:36,938 - INFO - [31m[1mWARNING: This is a development server. Do not use it in a production deployment. Use a production WSGI server instead.[0m
 * Running on http://127.0.0.1:5000
2024-06-03 19:51:36,938 - INFO - [33mPress CTRL+C to quit[0m
2024-06-03 19:51:42,619 - INFO - 127.0.0.1 - - [03/Jun/2024 19:51:42] "GET / HTTP/1.1" 200 -
2024-06-03 19:51:42,758 - INFO - 127.0.0.1 - - [03/Jun/2024 19:51:42] "GET /static/styles.css HTTP/1.1" 200 -
2024-06-03 19:51:42,945 - INFO - 127.0.0.1 - - [03/Jun/2024 19:51:42] "GET /static/script.js HTTP/1.1" 200 -
2024-06-03 19:51:42,969 - INFO - 127.0.0.1 - - [03/Jun/2024 19:51:42] "GET /simplified_logs.log HTTP/1.1" 200 -
2024-06-03 19:51:43,271 - INFO - 127.0.0.1 - - [03/Jun/2024 19:51:43] "GET /status HTTP/1.1" 200 -
2024-06-03 19:51:46,475 - INFO - 127.0.0.1 - - [03/Jun/2024 19:51:46] "GET /logs HTTP/1.1" 200 -
2024-06-03 19:51:46,735 - INFO - 127.0.0.1 - - [03/Jun/2024 19:51:46] "[36mGET /static/styles.css HTTP/1.1[0m" 304 -
2024-06-03 19:51:46,798 - INFO - 127.0.0.1 - - [03/Jun/2024 19:51:46] "[36mGET /static/script.js HTTP/1.1[0m" 304 -
2024-06-03 19:51:46,806 - INFO - 127.0.0.1 - - [03/Jun/2024 19:51:46] "GET /status HTTP/1.1" 200 -
2024-06-03 19:51:47,120 - INFO - 127.0.0.1 - - [03/Jun/2024 19:51:47] "GET /simplified_logs.log HTTP/1.1" 200 -
2024-06-03 19:51:54,119 - DEBUG - Request Parameters:
2024-06-03 19:51:54,119 - DEBUG - ======================= INCOMING A-ASSOCIATE-RQ PDU ========================
2024-06-03 19:51:54,119 - DEBUG - Their Implementation Class UID:      1.2.826.0.1.3680043.9.3811.2.0.2
2024-06-03 19:51:54,120 - DEBUG - Their Implementation Version Name:   PYNETDICOM_202
2024-06-03 19:51:54,120 - DEBUG - Application Context Name:    1.2.840.10008.3.1.1.1
2024-06-03 19:51:54,120 - DEBUG - Calling Application Name:    PYNETDICOM
2024-06-03 19:51:54,121 - DEBUG - Called Application Name:     ANY-SCP
2024-06-03 19:51:54,121 - DEBUG - Their Max PDU Receive Size:  16382
2024-06-03 19:51:54,122 - DEBUG - Presentation Contexts:
2024-06-03 19:51:54,122 - DEBUG -   Context ID:        1 (Proposed)
2024-06-03 19:51:54,122 - DEBUG -     Abstract Syntax: =Patient Root Query/Retrieve Information Model - FIND
2024-06-03 19:51:54,123 - DEBUG -     Proposed SCP/SCU Role: Default
2024-06-03 19:51:54,123 - DEBUG -     Proposed Transfer Syntaxes:
2024-06-03 19:51:54,123 - DEBUG -       =Implicit VR Little Endian
2024-06-03 19:51:54,124 - DEBUG -       =Explicit VR Little Endian
2024-06-03 19:51:54,124 - DEBUG -       =Deflated Explicit VR Little Endian
2024-06-03 19:51:54,124 - DEBUG -       =Explicit VR Big Endian
2024-06-03 19:51:54,124 - DEBUG -   Context ID:        3 (Proposed)
2024-06-03 19:51:54,125 - DEBUG -     Abstract Syntax: =Patient Root Query/Retrieve Information Model - MOVE
2024-06-03 19:51:54,125 - DEBUG -     Proposed SCP/SCU Role: Default
2024-06-03 19:51:54,125 - DEBUG -     Proposed Transfer Syntaxes:
2024-06-03 19:51:54,125 - DEBUG -       =Implicit VR Little Endian
2024-06-03 19:51:54,126 - DEBUG -       =Explicit VR Little Endian
2024-06-03 19:51:54,126 - DEBUG -       =Deflated Explicit VR Little Endian
2024-06-03 19:51:54,126 - DEBUG -       =Explicit VR Big Endian
2024-06-03 19:51:54,126 - DEBUG -   Context ID:        5 (Proposed)
2024-06-03 19:51:54,127 - DEBUG -     Abstract Syntax: =Patient Root Query/Retrieve Information Model - GET
2024-06-03 19:51:54,127 - DEBUG -     Proposed SCP/SCU Role: Default
2024-06-03 19:51:54,127 - DEBUG -     Proposed Transfer Syntaxes:
2024-06-03 19:51:54,127 - DEBUG -       =Implicit VR Little Endian
2024-06-03 19:51:54,128 - DEBUG -       =Explicit VR Little Endian
2024-06-03 19:51:54,128 - DEBUG -       =Deflated Explicit VR Little Endian
2024-06-03 19:51:54,128 - DEBUG -       =Explicit VR Big Endian
2024-06-03 19:51:54,129 - DEBUG -   Context ID:        7 (Proposed)
2024-06-03 19:51:54,129 - DEBUG -     Abstract Syntax: =CT Image Storage
2024-06-03 19:51:54,129 - DEBUG -     Proposed SCP/SCU Role: Default
2024-06-03 19:51:54,130 - DEBUG -     Proposed Transfer Syntaxes:
2024-06-03 19:51:54,130 - DEBUG -       =Implicit VR Little Endian
2024-06-03 19:51:54,130 - DEBUG -       =Explicit VR Little Endian
2024-06-03 19:51:54,130 - DEBUG -       =Deflated Explicit VR Little Endian
2024-06-03 19:51:54,131 - DEBUG -       =Explicit VR Big Endian
2024-06-03 19:51:54,131 - DEBUG -   Context ID:        9 (Proposed)
2024-06-03 19:51:54,131 - DEBUG -     Abstract Syntax: =MR Image Storage
2024-06-03 19:51:54,131 - DEBUG -     Proposed SCP/SCU Role: Default
2024-06-03 19:51:54,132 - DEBUG -     Proposed Transfer Syntaxes:
2024-06-03 19:51:54,132 - DEBUG -       =Implicit VR Little Endian
2024-06-03 19:51:54,132 - DEBUG -       =Explicit VR Little Endian
2024-06-03 19:51:54,133 - DEBUG -       =Deflated Explicit VR Little Endian
2024-06-03 19:51:54,133 - DEBUG -       =Explicit VR Big Endian
2024-06-03 19:51:54,133 - DEBUG - Requested Extended Negotiation: None
2024-06-03 19:51:54,133 - DEBUG - Requested Common Extended Negotiation: None
2024-06-03 19:51:54,133 - DEBUG - Requested Asynchronous Operations Window Negotiation: None
2024-06-03 19:51:54,133 - DEBUG - Requested User Identity Negotiation: None
2024-06-03 19:51:54,134 - DEBUG - ========================== END A-ASSOCIATE-RQ PDU ==========================
2024-06-03 19:51:54,134 - INFO - Association requested from 127.0.0.1:43509
2024-06-03 19:51:54,135 - INFO - Accepting Association
2024-06-03 19:51:54,148 - DEBUG - Accept Parameters:
2024-06-03 19:51:54,149 - DEBUG - ======================= OUTGOING A-ASSOCIATE-AC PDU ========================
2024-06-03 19:51:54,150 - DEBUG - Our Implementation Class UID:      1.2.826.0.1.3680043.9.3811.2.0.2
2024-06-03 19:51:54,150 - DEBUG - Our Implementation Version Name:   PYNETDICOM_202
2024-06-03 19:51:54,151 - DEBUG - Application Context Name:    1.2.840.10008.3.1.1.1
2024-06-03 19:51:54,151 - DEBUG - Responding Application Name: resp. AE Title
2024-06-03 19:51:54,152 - DEBUG - Our Max PDU Receive Size:    16382
2024-06-03 19:51:54,152 - DEBUG - Presentation Contexts:
2024-06-03 19:51:54,152 - DEBUG -   Context ID:        1 (Accepted)
2024-06-03 19:51:54,153 - DEBUG -     Abstract Syntax: =Patient Root Query/Retrieve Information Model - FIND
2024-06-03 19:51:54,153 - DEBUG -     Accepted SCP/SCU Role: Default
2024-06-03 19:51:54,154 - DEBUG -     Accepted Transfer Syntax: =Implicit VR Little Endian
2024-06-03 19:51:54,154 - DEBUG -   Context ID:        3 (Rejected - Abstract Syntax Not Supported)
2024-06-03 19:51:54,155 - DEBUG -     Abstract Syntax: =Patient Root Query/Retrieve Information Model - MOVE
2024-06-03 19:51:54,155 - DEBUG -   Context ID:        5 (Rejected - Abstract Syntax Not Supported)
2024-06-03 19:51:54,156 - DEBUG -     Abstract Syntax: =Patient Root Query/Retrieve Information Model - GET
2024-06-03 19:51:54,156 - DEBUG -   Context ID:        7 (Accepted)
2024-06-03 19:51:54,156 - DEBUG -     Abstract Syntax: =CT Image Storage
2024-06-03 19:51:54,157 - DEBUG -     Accepted SCP/SCU Role: Default
2024-06-03 19:51:54,157 - DEBUG -     Accepted Transfer Syntax: =Implicit VR Little Endian
2024-06-03 19:51:54,157 - DEBUG -   Context ID:        9 (Accepted)
2024-06-03 19:51:54,157 - DEBUG -     Abstract Syntax: =MR Image Storage
2024-06-03 19:51:54,158 - DEBUG -     Accepted SCP/SCU Role: Default
2024-06-03 19:51:54,158 - DEBUG -     Accepted Transfer Syntax: =Implicit VR Little Endian
2024-06-03 19:51:54,158 - DEBUG - Accepted Extended Negotiation: None
2024-06-03 19:51:54,158 - DEBUG - Accepted Asynchronous Operations Window Negotiation: None
2024-06-03 19:51:54,159 - DEBUG - User Identity Negotiation Response: None
2024-06-03 19:51:54,159 - DEBUG - ========================== END A-ASSOCIATE-AC PDU ==========================
2024-06-03 19:51:54,183 - DEBUG - pydicom.read_dataset() TransferSyntax="Little Endian Implicit"
2024-06-03 19:51:54,184 - DEBUG - ========================== INCOMING DIMSE MESSAGE ==========================
2024-06-03 19:51:54,185 - DEBUG - Message Type                  : C-FIND RQ
2024-06-03 19:51:54,186 - DEBUG - Message ID                    : 1
2024-06-03 19:51:54,186 - DEBUG - Affected SOP Class UID        : Patient Root Query/Retrieve Information Model - FIND
2024-06-03 19:51:54,187 - DEBUG - Identifier                    : Present
2024-06-03 19:51:54,187 - DEBUG - Priority                      : Low
2024-06-03 19:51:54,187 - DEBUG - ============================ END DIMSE MESSAGE =============================
2024-06-03 19:51:54,189 - DEBUG - pydicom.read_dataset() TransferSyntax="Little Endian Implicit"
2024-06-03 19:51:54,189 - INFO - Find SCP Request Identifier:
2024-06-03 19:51:54,189 - INFO - 
2024-06-03 19:51:54,190 - INFO - # DICOM Dataset
2024-06-03 19:51:54,190 - INFO - (0008,0052) CS [PATIENT]                                # 1 QueryRetrieveLevel
2024-06-03 19:51:54,191 - INFO - (0010,0010) PN [*]                                      # 1 PatientName
2024-06-03 19:51:54,191 - INFO - 
2024-06-03 19:51:54,192 - DEBUG - pydicom.read_dataset() TransferSyntax="Little Endian Implicit"
2024-06-03 19:51:54,192 - INFO - C-FIND request received: (0008, 0052) Query/Retrieve Level                CS: 'PATIENT'
(0010, 0010) Patient's Name                      PN: '*'
2024-06-03 19:51:54,194 - INFO - Find SCP Response 1: 0xFF00 (Pending)
2024-06-03 19:51:54,194 - DEBUG - Find SCP Response Identifier:
2024-06-03 19:51:54,194 - DEBUG - 
2024-06-03 19:51:54,195 - DEBUG - # DICOM Dataset
2024-06-03 19:51:54,195 - DEBUG - (0008,0020) DA [20210101]                               # 1 StudyDate
2024-06-03 19:51:54,196 - DEBUG - (0008,0052) CS [STUDY]                                  # 1 QueryRetrieveLevel
2024-06-03 19:51:54,196 - DEBUG - (0010,0010) PN [Doe^John]                               # 1 PatientName
2024-06-03 19:51:54,196 - DEBUG - (0010,0020) LO [12345]                                  # 1 PatientID
2024-06-03 19:51:54,197 - DEBUG - 
2024-06-03 19:51:54,198 - DEBUG - ========================== OUTGOING DIMSE MESSAGE ==========================
2024-06-03 19:51:54,198 - DEBUG - Message Type                  : C-FIND RSP
2024-06-03 19:51:54,198 - DEBUG - Message ID Being Responded To : 1
2024-06-03 19:51:54,199 - DEBUG - Affected SOP Class UID        : Patient Root Query/Retrieve Information Model - FIND
2024-06-03 19:51:54,199 - DEBUG - Identifier                    : Present
2024-06-03 19:51:54,199 - DEBUG - Status                        : 0xFF00
2024-06-03 19:51:54,200 - DEBUG - ============================ END DIMSE MESSAGE =============================
2024-06-03 19:51:54,200 - INFO - Find SCP Response 2: 0x0000 (Success)
2024-06-03 19:51:54,201 - DEBUG - ========================== OUTGOING DIMSE MESSAGE ==========================
2024-06-03 19:51:54,202 - DEBUG - Message Type                  : C-FIND RSP
2024-06-03 19:51:54,202 - DEBUG - Message ID Being Responded To : 1
2024-06-03 19:51:54,202 - DEBUG - Affected SOP Class UID        : Patient Root Query/Retrieve Information Model - FIND
2024-06-03 19:51:54,203 - DEBUG - Identifier                    : None
2024-06-03 19:51:54,203 - DEBUG - Status                        : 0x0000
2024-06-03 19:51:54,203 - DEBUG - ============================ END DIMSE MESSAGE =============================
2024-06-03 19:51:54,216 - INFO - Association requested from 127.0.0.1:43509
2024-06-03 19:51:54,216 - INFO - Association Released
2024-06-03 19:51:54,217 - INFO - Association released from 127.0.0.1:43509
2024-06-03 19:51:54,261 - DEBUG - Request Parameters:
2024-06-03 19:51:54,261 - DEBUG - ======================= INCOMING A-ASSOCIATE-RQ PDU ========================
2024-06-03 19:51:54,262 - DEBUG - Their Implementation Class UID:      1.2.826.0.1.3680043.9.3811.2.0.2
2024-06-03 19:51:54,262 - DEBUG - Their Implementation Version Name:   PYNETDICOM_202
2024-06-03 19:51:54,263 - DEBUG - Application Context Name:    1.2.840.10008.3.1.1.1
2024-06-03 19:51:54,263 - DEBUG - Calling Application Name:    PYNETDICOM
2024-06-03 19:51:54,264 - DEBUG - Called Application Name:     ANY-SCP
2024-06-03 19:51:54,264 - DEBUG - Their Max PDU Receive Size:  16382
2024-06-03 19:51:54,264 - DEBUG - Presentation Contexts:
2024-06-03 19:51:54,265 - DEBUG -   Context ID:        1 (Proposed)
2024-06-03 19:51:54,265 - DEBUG -     Abstract Syntax: =Patient Root Query/Retrieve Information Model - FIND
2024-06-03 19:51:54,265 - DEBUG -     Proposed SCP/SCU Role: Default
2024-06-03 19:51:54,266 - DEBUG -     Proposed Transfer Syntaxes:
2024-06-03 19:51:54,266 - DEBUG -       =Implicit VR Little Endian
2024-06-03 19:51:54,266 - DEBUG -       =Explicit VR Little Endian
2024-06-03 19:51:54,267 - DEBUG -       =Deflated Explicit VR Little Endian
2024-06-03 19:51:54,267 - DEBUG -       =Explicit VR Big Endian
2024-06-03 19:51:54,267 - DEBUG -   Context ID:        3 (Proposed)
2024-06-03 19:51:54,268 - DEBUG -     Abstract Syntax: =Patient Root Query/Retrieve Information Model - MOVE
2024-06-03 19:51:54,268 - DEBUG -     Proposed SCP/SCU Role: Default
2024-06-03 19:51:54,268 - DEBUG -     Proposed Transfer Syntaxes:
2024-06-03 19:51:54,269 - DEBUG -       =Implicit VR Little Endian
2024-06-03 19:51:54,269 - DEBUG -       =Explicit VR Little Endian
2024-06-03 19:51:54,269 - DEBUG -       =Deflated Explicit VR Little Endian
2024-06-03 19:51:54,269 - DEBUG -       =Explicit VR Big Endian
2024-06-03 19:51:54,270 - DEBUG -   Context ID:        5 (Proposed)
2024-06-03 19:51:54,270 - DEBUG -     Abstract Syntax: =Patient Root Query/Retrieve Information Model - GET
2024-06-03 19:51:54,270 - DEBUG -     Proposed SCP/SCU Role: Default
2024-06-03 19:51:54,271 - DEBUG -     Proposed Transfer Syntaxes:
2024-06-03 19:51:54,271 - DEBUG -       =Implicit VR Little Endian
2024-06-03 19:51:54,271 - DEBUG -       =Explicit VR Little Endian
2024-06-03 19:51:54,271 - DEBUG -       =Deflated Explicit VR Little Endian
2024-06-03 19:51:54,272 - DEBUG -       =Explicit VR Big Endian
2024-06-03 19:51:54,272 - DEBUG -   Context ID:        7 (Proposed)
2024-06-03 19:51:54,272 - DEBUG -     Abstract Syntax: =CT Image Storage
2024-06-03 19:51:54,273 - DEBUG -     Proposed SCP/SCU Role: Default
2024-06-03 19:51:54,273 - DEBUG -     Proposed Transfer Syntaxes:
2024-06-03 19:51:54,273 - DEBUG -       =Implicit VR Little Endian
2024-06-03 19:51:54,274 - DEBUG -       =Explicit VR Little Endian
2024-06-03 19:51:54,274 - DEBUG -       =Deflated Explicit VR Little Endian
2024-06-03 19:51:54,274 - DEBUG -       =Explicit VR Big Endian
2024-06-03 19:51:54,275 - DEBUG -   Context ID:        9 (Proposed)
2024-06-03 19:51:54,275 - DEBUG -     Abstract Syntax: =MR Image Storage
2024-06-03 19:51:54,275 - DEBUG -     Proposed SCP/SCU Role: Default
2024-06-03 19:51:54,275 - DEBUG -     Proposed Transfer Syntaxes:
2024-06-03 19:51:54,276 - DEBUG -       =Implicit VR Little Endian
2024-06-03 19:51:54,276 - DEBUG -       =Explicit VR Little Endian
2024-06-03 19:51:54,276 - DEBUG -       =Deflated Explicit VR Little Endian
2024-06-03 19:51:54,277 - DEBUG -       =Explicit VR Big Endian
2024-06-03 19:51:54,277 - DEBUG - Requested Extended Negotiation: None
2024-06-03 19:51:54,278 - DEBUG - Requested Common Extended Negotiation: None
2024-06-03 19:51:54,278 - DEBUG - Requested Asynchronous Operations Window Negotiation: None
2024-06-03 19:51:54,278 - DEBUG - Requested User Identity Negotiation: None
2024-06-03 19:51:54,279 - DEBUG - ========================== END A-ASSOCIATE-RQ PDU ==========================
2024-06-03 19:51:54,280 - INFO - Association requested from 127.0.0.1:43510
2024-06-03 19:51:54,280 - INFO - Accepting Association
2024-06-03 19:51:54,292 - DEBUG - Accept Parameters:
2024-06-03 19:51:54,293 - DEBUG - ======================= OUTGOING A-ASSOCIATE-AC PDU ========================
2024-06-03 19:51:54,294 - DEBUG - Our Implementation Class UID:      1.2.826.0.1.3680043.9.3811.2.0.2
2024-06-03 19:51:54,294 - DEBUG - Our Implementation Version Name:   PYNETDICOM_202
2024-06-03 19:51:54,295 - DEBUG - Application Context Name:    1.2.840.10008.3.1.1.1
2024-06-03 19:51:54,295 - DEBUG - Responding Application Name: resp. AE Title
2024-06-03 19:51:54,295 - DEBUG - Our Max PDU Receive Size:    16382
2024-06-03 19:51:54,296 - DEBUG - Presentation Contexts:
2024-06-03 19:51:54,296 - DEBUG -   Context ID:        1 (Accepted)
2024-06-03 19:51:54,296 - DEBUG -     Abstract Syntax: =Patient Root Query/Retrieve Information Model - FIND
2024-06-03 19:51:54,297 - DEBUG -     Accepted SCP/SCU Role: Default
2024-06-03 19:51:54,297 - DEBUG -     Accepted Transfer Syntax: =Implicit VR Little Endian
2024-06-03 19:51:54,297 - DEBUG -   Context ID:        3 (Rejected - Abstract Syntax Not Supported)
2024-06-03 19:51:54,298 - DEBUG -     Abstract Syntax: =Patient Root Query/Retrieve Information Model - MOVE
2024-06-03 19:51:54,298 - DEBUG -   Context ID:        5 (Rejected - Abstract Syntax Not Supported)
2024-06-03 19:51:54,298 - DEBUG -     Abstract Syntax: =Patient Root Query/Retrieve Information Model - GET
2024-06-03 19:51:54,299 - DEBUG -   Context ID:        7 (Accepted)
2024-06-03 19:51:54,299 - DEBUG -     Abstract Syntax: =CT Image Storage
2024-06-03 19:51:54,299 - DEBUG -     Accepted SCP/SCU Role: Default
2024-06-03 19:51:54,300 - DEBUG -     Accepted Transfer Syntax: =Implicit VR Little Endian
2024-06-03 19:51:54,300 - DEBUG -   Context ID:        9 (Accepted)
2024-06-03 19:51:54,300 - DEBUG -     Abstract Syntax: =MR Image Storage
2024-06-03 19:51:54,301 - DEBUG -     Accepted SCP/SCU Role: Default
2024-06-03 19:51:54,301 - DEBUG -     Accepted Transfer Syntax: =Implicit VR Little Endian
2024-06-03 19:51:54,301 - DEBUG - Accepted Extended Negotiation: None
2024-06-03 19:51:54,302 - DEBUG - Accepted Asynchronous Operations Window Negotiation: None
2024-06-03 19:51:54,302 - DEBUG - User Identity Negotiation Response: None
2024-06-03 19:51:54,302 - DEBUG - ========================== END A-ASSOCIATE-AC PDU ==========================
2024-06-03 19:51:54,326 - DEBUG - pydicom.read_dataset() TransferSyntax="Little Endian Implicit"
2024-06-03 19:51:54,327 - INFO - Received Store Request
2024-06-03 19:51:54,327 - DEBUG - ========================== INCOMING DIMSE MESSAGE ==========================
2024-06-03 19:51:54,328 - DEBUG - Message Type                  : C-STORE RQ
2024-06-03 19:51:54,328 - DEBUG - Presentation Context ID       : 7
2024-06-03 19:51:54,329 - DEBUG - Message ID                    : 1
2024-06-03 19:51:54,329 - DEBUG - Affected SOP Class UID        : CT Image Storage
2024-06-03 19:51:54,330 - DEBUG - Affected SOP Instance UID     : 1.2.3.4.5.6.7.8.9
2024-06-03 19:51:54,330 - DEBUG - Data Set                      : Present
2024-06-03 19:51:54,330 - DEBUG - Priority                      : Low
2024-06-03 19:51:54,331 - DEBUG - ============================ END DIMSE MESSAGE =============================
2024-06-03 19:51:54,333 - DEBUG - pydicom.read_dataset() TransferSyntax="Little Endian Implicit"
2024-06-03 19:51:54,334 - INFO - C-STORE request received: (0008, 0016) SOP Class UID                       UI: CT Image Storage
(0008, 0018) SOP Instance UID                    UI: 1.2.3.4.5.6.7.8.9
(0008, 0020) Study Date                          DA: '20210101'
(0008, 0060) Modality                            CS: 'CT'
(0010, 0010) Patient's Name                      PN: 'Doe^John'
(0010, 0020) Patient ID                          LO: '12345'
2024-06-03 19:51:54,345 - INFO - Association requested from 127.0.0.1:43510
2024-06-03 19:51:54,345 - INFO - Association Released
2024-06-03 19:51:54,346 - INFO - Association released from 127.0.0.1:43510
2024-06-03 19:51:54,390 - DEBUG - Request Parameters:
2024-06-03 19:51:54,391 - DEBUG - ======================= INCOMING A-ASSOCIATE-RQ PDU ========================
2024-06-03 19:51:54,391 - DEBUG - Their Implementation Class UID:      1.2.826.0.1.3680043.9.3811.2.0.2
2024-06-03 19:51:54,392 - DEBUG - Their Implementation Version Name:   PYNETDICOM_202
2024-06-03 19:51:54,392 - DEBUG - Application Context Name:    1.2.840.10008.3.1.1.1
2024-06-03 19:51:54,393 - DEBUG - Calling Application Name:    PYNETDICOM
2024-06-03 19:51:54,393 - DEBUG - Called Application Name:     ANY-SCP
2024-06-03 19:51:54,394 - DEBUG - Their Max PDU Receive Size:  16382
2024-06-03 19:51:54,394 - DEBUG - Presentation Contexts:
2024-06-03 19:51:54,394 - DEBUG -   Context ID:        1 (Proposed)
2024-06-03 19:51:54,395 - DEBUG -     Abstract Syntax: =Patient Root Query/Retrieve Information Model - FIND
2024-06-03 19:51:54,395 - DEBUG -     Proposed SCP/SCU Role: Default
2024-06-03 19:51:54,395 - DEBUG -     Proposed Transfer Syntaxes:
2024-06-03 19:51:54,396 - DEBUG -       =Implicit VR Little Endian
2024-06-03 19:51:54,396 - DEBUG -       =Explicit VR Little Endian
2024-06-03 19:51:54,396 - DEBUG -       =Deflated Explicit VR Little Endian
2024-06-03 19:51:54,397 - DEBUG -       =Explicit VR Big Endian
2024-06-03 19:51:54,397 - DEBUG -   Context ID:        3 (Proposed)
2024-06-03 19:51:54,397 - DEBUG -     Abstract Syntax: =Patient Root Query/Retrieve Information Model - MOVE
2024-06-03 19:51:54,397 - DEBUG -     Proposed SCP/SCU Role: Default
2024-06-03 19:51:54,398 - DEBUG -     Proposed Transfer Syntaxes:
2024-06-03 19:51:54,398 - DEBUG -       =Implicit VR Little Endian
2024-06-03 19:51:54,398 - DEBUG -       =Explicit VR Little Endian
2024-06-03 19:51:54,399 - DEBUG -       =Deflated Explicit VR Little Endian
2024-06-03 19:51:54,399 - DEBUG -       =Explicit VR Big Endian
2024-06-03 19:51:54,399 - DEBUG -   Context ID:        5 (Proposed)
2024-06-03 19:51:54,400 - DEBUG -     Abstract Syntax: =Patient Root Query/Retrieve Information Model - GET
2024-06-03 19:51:54,400 - DEBUG -     Proposed SCP/SCU Role: Default
2024-06-03 19:51:54,400 - DEBUG -     Proposed Transfer Syntaxes:
2024-06-03 19:51:54,400 - DEBUG -       =Implicit VR Little Endian
2024-06-03 19:51:54,401 - DEBUG -       =Explicit VR Little Endian
2024-06-03 19:51:54,401 - DEBUG -       =Deflated Explicit VR Little Endian
2024-06-03 19:51:54,401 - DEBUG -       =Explicit VR Big Endian
2024-06-03 19:51:54,402 - DEBUG -   Context ID:        7 (Proposed)
2024-06-03 19:51:54,402 - DEBUG -     Abstract Syntax: =CT Image Storage
2024-06-03 19:51:54,402 - DEBUG -     Proposed SCP/SCU Role: Default
2024-06-03 19:51:54,403 - DEBUG -     Proposed Transfer Syntaxes:
2024-06-03 19:51:54,403 - DEBUG -       =Implicit VR Little Endian
2024-06-03 19:51:54,403 - DEBUG -       =Explicit VR Little Endian
2024-06-03 19:51:54,404 - DEBUG -       =Deflated Explicit VR Little Endian
2024-06-03 19:51:54,404 - DEBUG -       =Explicit VR Big Endian
2024-06-03 19:51:54,404 - DEBUG -   Context ID:        9 (Proposed)
2024-06-03 19:51:54,405 - DEBUG -     Abstract Syntax: =MR Image Storage
2024-06-03 19:51:54,405 - DEBUG -     Proposed SCP/SCU Role: Default
2024-06-03 19:51:54,406 - DEBUG -     Proposed Transfer Syntaxes:
2024-06-03 19:51:54,406 - DEBUG -       =Implicit VR Little Endian
2024-06-03 19:51:54,407 - DEBUG -       =Explicit VR Little Endian
2024-06-03 19:51:54,407 - DEBUG -       =Deflated Explicit VR Little Endian
2024-06-03 19:51:54,408 - DEBUG -       =Explicit VR Big Endian
2024-06-03 19:51:54,408 - DEBUG - Requested Extended Negotiation: None
2024-06-03 19:51:54,408 - DEBUG - Requested Common Extended Negotiation: None
2024-06-03 19:51:54,409 - DEBUG - Requested Asynchronous Operations Window Negotiation: None
2024-06-03 19:51:54,409 - DEBUG - Requested User Identity Negotiation: None
2024-06-03 19:51:54,410 - DEBUG - ========================== END A-ASSOCIATE-RQ PDU ==========================
2024-06-03 19:51:54,411 - INFO - Association requested from 127.0.0.1:43511
2024-06-03 19:51:54,412 - INFO - Accepting Association
2024-06-03 19:51:54,421 - DEBUG - Accept Parameters:
2024-06-03 19:51:54,421 - DEBUG - ======================= OUTGOING A-ASSOCIATE-AC PDU ========================
2024-06-03 19:51:54,422 - DEBUG - Our Implementation Class UID:      1.2.826.0.1.3680043.9.3811.2.0.2
2024-06-03 19:51:54,422 - DEBUG - Our Implementation Version Name:   PYNETDICOM_202
2024-06-03 19:51:54,423 - DEBUG - Application Context Name:    1.2.840.10008.3.1.1.1
2024-06-03 19:51:54,423 - DEBUG - Responding Application Name: resp. AE Title
2024-06-03 19:51:54,424 - DEBUG - Our Max PDU Receive Size:    16382
2024-06-03 19:51:54,424 - DEBUG - Presentation Contexts:
2024-06-03 19:51:54,425 - DEBUG -   Context ID:        1 (Accepted)
2024-06-03 19:51:54,425 - DEBUG -     Abstract Syntax: =Patient Root Query/Retrieve Information Model - FIND
2024-06-03 19:51:54,426 - DEBUG -     Accepted SCP/SCU Role: Default
2024-06-03 19:51:54,426 - DEBUG -     Accepted Transfer Syntax: =Implicit VR Little Endian
2024-06-03 19:51:54,427 - DEBUG -   Context ID:        3 (Rejected - Abstract Syntax Not Supported)
2024-06-03 19:51:54,427 - DEBUG -     Abstract Syntax: =Patient Root Query/Retrieve Information Model - MOVE
2024-06-03 19:51:54,427 - DEBUG -   Context ID:        5 (Rejected - Abstract Syntax Not Supported)
2024-06-03 19:51:54,428 - DEBUG -     Abstract Syntax: =Patient Root Query/Retrieve Information Model - GET
2024-06-03 19:51:54,428 - DEBUG -   Context ID:        7 (Accepted)
2024-06-03 19:51:54,428 - DEBUG -     Abstract Syntax: =CT Image Storage
2024-06-03 19:51:54,429 - DEBUG -     Accepted SCP/SCU Role: Default
2024-06-03 19:51:54,430 - DEBUG -     Accepted Transfer Syntax: =Implicit VR Little Endian
2024-06-03 19:51:54,430 - DEBUG -   Context ID:        9 (Accepted)
2024-06-03 19:51:54,431 - DEBUG -     Abstract Syntax: =MR Image Storage
2024-06-03 19:51:54,431 - DEBUG -     Accepted SCP/SCU Role: Default
2024-06-03 19:51:54,431 - DEBUG -     Accepted Transfer Syntax: =Implicit VR Little Endian
2024-06-03 19:51:54,432 - DEBUG - Accepted Extended Negotiation: None
2024-06-03 19:51:54,432 - DEBUG - Accepted Asynchronous Operations Window Negotiation: None
2024-06-03 19:51:54,433 - DEBUG - User Identity Negotiation Response: None
2024-06-03 19:51:54,433 - DEBUG - ========================== END A-ASSOCIATE-AC PDU ==========================
2024-06-03 19:52:54,411 - ERROR - Network timeout reached
2024-06-03 19:52:54,411 - INFO - Aborting Association
2024-06-03 19:52:54,413 - DEBUG - Abort Parameters:
2024-06-03 19:52:54,413 - DEBUG - =========================== OUTGOING A-ABORT PDU ===========================
2024-06-03 19:52:54,413 - DEBUG - Abort Source: DUL service-user
2024-06-03 19:52:54,413 - DEBUG - Abort Reason: (no value available)
2024-06-03 19:52:54,415 - DEBUG - ============================= END A-ABORT PDU ==============================
