Request Parameters:
======================= INCOMING A-ASSOCIATE-RQ PDU ========================
Their Implementation Class UID:      1.2.276.0.7230010.3.0.3.6.8
Their Implementation Version Name:   OFFIS_DCMTK_368
Application Context Name:    1.2.840.10008.3.1.1.1
Calling Application Name:    ECHOSCU
Called Application Name:     ANY-SCP
Their Max PDU Receive Size:  16384
Presentation Context:
  Context ID:        1 (Proposed)
    Abstract Syntax: =Verification SOP Class
    Proposed SCP/SCU Role: Default
    Proposed Transfer Syntax:
      =Implicit VR Little Endian
Requested Extended Negotiation: None
Requested Common Extended Negotiation: None
Requested Asynchronous Operations Window Negotiation: None
Requested User Identity Negotiation: None
========================== END A-ASSOCIATE-RQ PDU ==========================
Association requested from 127.0.0.1:13887
Accepting Association
Accept Parameters:
======================= OUTGOING A-ASSOCIATE-AC PDU ========================
Our Implementation Class UID:      1.2.826.0.1.3680043.9.3811.2.0.2
Our Implementation Version Name:   PYNETDICOM_202
Application Context Name:    1.2.840.10008.3.1.1.1
Responding Application Name: resp. AE Title
Our Max PDU Receive Size:    16382
Presentation Contexts:
  Context ID:        1 (Accepted)
    Abstract Syntax: =Verification SOP Class
    Accepted SCP/SCU Role: Default
    Accepted Transfer Syntax: =Implicit VR Little Endian
Accepted Extended Negotiation: None
Accepted Asynchronous Operations Window Negotiation: None
User Identity Negotiation Response: None
========================== END A-ASSOCIATE-AC PDU ==========================
pydicom.read_dataset() TransferSyntax="Little Endian Implicit"
Received Echo Request (MsgID 1)
========================== INCOMING DIMSE MESSAGE ==========================
Message Type                  : C-ECHO RQ
Presentation Context ID       : 1
Message ID                    : 1
Data Set                      : None
============================ END DIMSE MESSAGE =============================
C-ECHO request received
Association requested from 127.0.0.1:13887
Association Released
Association released from 127.0.0.1:13887
Request Parameters:
======================= INCOMING A-ASSOCIATE-RQ PDU ========================
Their Implementation Class UID:      1.2.276.0.7230010.3.0.3.6.8
Their Implementation Version Name:   OFFIS_DCMTK_368
Application Context Name:    1.2.840.10008.3.1.1.1
Calling Application Name:    ECHOSCU
Called Application Name:     ANY-SCP
Their Max PDU Receive Size:  16384
Presentation Context:
  Context ID:        1 (Proposed)
    Abstract Syntax: =Verification SOP Class
    Proposed SCP/SCU Role: Default
    Proposed Transfer Syntax:
      =Implicit VR Little Endian
Requested Extended Negotiation: None
Requested Common Extended Negotiation: None
Requested Asynchronous Operations Window Negotiation: None
Requested User Identity Negotiation: None
========================== END A-ASSOCIATE-RQ PDU ==========================
Association requested from 127.0.0.1:13964
Accepting Association
Accept Parameters:
======================= OUTGOING A-ASSOCIATE-AC PDU ========================
Our Implementation Class UID:      1.2.826.0.1.3680043.9.3811.2.0.2
Our Implementation Version Name:   PYNETDICOM_202
Application Context Name:    1.2.840.10008.3.1.1.1
Responding Application Name: resp. AE Title
Our Max PDU Receive Size:    16382
Presentation Contexts:
  Context ID:        1 (Accepted)
    Abstract Syntax: =Verification SOP Class
    Accepted SCP/SCU Role: Default
    Accepted Transfer Syntax: =Implicit VR Little Endian
Accepted Extended Negotiation: None
Accepted Asynchronous Operations Window Negotiation: None
User Identity Negotiation Response: None
========================== END A-ASSOCIATE-AC PDU ==========================
pydicom.read_dataset() TransferSyntax="Little Endian Implicit"
Received Echo Request (MsgID 1)
========================== INCOMING DIMSE MESSAGE ==========================
Message Type                  : C-ECHO RQ
Presentation Context ID       : 1
Message ID                    : 1
Data Set                      : None
============================ END DIMSE MESSAGE =============================
C-ECHO request received
Association requested from 127.0.0.1:13964
Association Released
Association released from 127.0.0.1:13964
